2022-11-05 09:04:57,265 [INFO] Activator:177 - 


2022-11-05 09:04:57,265 [INFO] Activator:178 - !SESSION log4j initialized
2022-11-05 09:05:31,500 [INFO] McuFinderGlobals:39 - Set McuFinder mode to 2 (CubeIDE integrated)
2022-11-05 09:05:31,844 [INFO] ApplicationProperties:181 - Using Application install path: C:\ST\STM32CubeIDE_1.7.0\STM32CubeIDE\plugins\com.st.stm32cube.common.mx_6.3.0.202107141111
2022-11-05 09:05:31,859 [INFO] DbMcusXml:74 - Set database path to: C:\ST\STM32CubeIDE_1.7.0\STM32CubeIDE\plugins\com.st.stm32cube.common.mx_6.3.0.202107141111\\db\/mcu/
2022-11-05 09:05:31,859 [INFO] DbBoardsPdsc:56 - Set plugin database path to: C:\ST\STM32CubeIDE_1.7.0\STM32CubeIDE\plugins\com.st.stm32cube.common.mx_6.3.0.202107141111\\db\/plugins/boardmanager/
2022-11-05 09:05:31,859 [INFO] DbMcus:258 - Set plugin images path to: C:\ST\STM32CubeIDE_1.7.0\STM32CubeIDE\plugins\com.st.stm32cube.common.mx_6.3.0.202107141111\\db\/plugins/mcufinder/images/
2022-11-05 09:05:31,859 [INFO] DbBoards:264 - Set plugin images path to: C:\ST\STM32CubeIDE_1.7.0\STM32CubeIDE\plugins\com.st.stm32cube.common.mx_6.3.0.202107141111\\db\/plugins/mcufinder/images/
2022-11-05 09:05:31,859 [INFO] DbExamples:333 - Set plugin images path to: C:\ST\STM32CubeIDE_1.7.0\STM32CubeIDE\plugins\com.st.stm32cube.common.mx_6.3.0.202107141111\\db\/plugins/mcufinder/images/
2022-11-05 09:05:31,875 [INFO] DbMcusAds:119 - Set database path to: C:\Users\NGUYEN THANH QUI\.stmcufinder\plugins\mcufinder//mcu/
2022-11-05 09:05:31,875 [INFO] DbMcusDocs:110 - Set database path to: C:\Users\NGUYEN THANH QUI\.stmcufinder\plugins\mcufinder//mcu/
2022-11-05 09:05:31,875 [INFO] DbMcusJson:64 - Set database path to: C:\Users\NGUYEN THANH QUI\.stmcufinder\plugins\mcufinder//mcu/
2022-11-05 09:05:31,875 [INFO] DbBoardsDocs:110 - Set database path to: C:\Users\NGUYEN THANH QUI\.stmcufinder\plugins\mcufinder//mcu/
2022-11-05 09:05:31,875 [INFO] DbBoardsJson:57 - Set database path to: C:\Users\NGUYEN THANH QUI\.stmcufinder\plugins\mcufinder//mcu/
2022-11-05 09:05:32,859 [INFO] CrossReferenceDbSqlite:196 - Set database path to: C:\Users\NGUYEN THANH QUI\.stmcufinder\plugins\mcufinder//mcu/cs/
2022-11-05 09:05:32,859 [INFO] DbExamplesSqlite:767 - Set database path to: C:\Users\NGUYEN THANH QUI\.stmcufinder\plugins\mcufinder//mcu/
2022-11-05 09:05:33,000 [INFO] RulesReader:57 - Compatibility file has been processed (242 Rules)
2022-11-05 09:05:33,343 [INFO] DbMcusXml:74 - Set database path to: C:\ST\STM32CubeIDE_1.7.0\STM32CubeIDE\plugins\com.st.stm32cube.common.mx_6.3.0.202107141111\\db\/mcu/
2022-11-05 09:05:33,359 [INFO] DbBoardsPdsc:56 - Set plugin database path to: C:\ST\STM32CubeIDE_1.7.0\STM32CubeIDE\plugins\com.st.stm32cube.common.mx_6.3.0.202107141111\\db\/plugins/boardmanager/
2022-11-05 09:05:33,359 [INFO] DbMcus:258 - Set plugin images path to: C:\ST\STM32CubeIDE_1.7.0\STM32CubeIDE\plugins\com.st.stm32cube.common.mx_6.3.0.202107141111\\db\/plugins/mcufinder/images/
2022-11-05 09:05:33,359 [INFO] DbBoards:264 - Set plugin images path to: C:\ST\STM32CubeIDE_1.7.0\STM32CubeIDE\plugins\com.st.stm32cube.common.mx_6.3.0.202107141111\\db\/plugins/mcufinder/images/
2022-11-05 09:05:33,359 [INFO] DbExamples:333 - Set plugin images path to: C:\ST\STM32CubeIDE_1.7.0\STM32CubeIDE\plugins\com.st.stm32cube.common.mx_6.3.0.202107141111\\db\/plugins/mcufinder/images/
2022-11-05 09:05:33,359 [WARN] DbFile:35 - Overriding database path with different value: C:\Users\NGUYEN THANH QUI\.stmcufinder\plugins\mcufinder/ => C:\Users\NGUYEN THANH QUI\.stmcufinder\plugins\mcufinder
2022-11-05 09:05:33,359 [INFO] DbMcusAds:119 - Set database path to: C:\Users\NGUYEN THANH QUI\.stmcufinder\plugins\mcufinder//mcu/
2022-11-05 09:05:33,359 [WARN] DbFile:35 - Overriding database path with different value: C:\Users\NGUYEN THANH QUI\.stmcufinder\plugins\mcufinder/ => C:\Users\NGUYEN THANH QUI\.stmcufinder\plugins\mcufinder
2022-11-05 09:05:33,359 [INFO] DbMcusDocs:110 - Set database path to: C:\Users\NGUYEN THANH QUI\.stmcufinder\plugins\mcufinder//mcu/
2022-11-05 09:05:33,359 [WARN] DbFile:35 - Overriding database path with different value: C:\Users\NGUYEN THANH QUI\.stmcufinder\plugins\mcufinder/ => C:\Users\NGUYEN THANH QUI\.stmcufinder\plugins\mcufinder
2022-11-05 09:05:33,359 [INFO] DbMcusJson:64 - Set database path to: C:\Users\NGUYEN THANH QUI\.stmcufinder\plugins\mcufinder//mcu/
2022-11-05 09:05:33,359 [WARN] DbFile:35 - Overriding database path with different value: C:\Users\NGUYEN THANH QUI\.stmcufinder\plugins\mcufinder/ => C:\Users\NGUYEN THANH QUI\.stmcufinder\plugins\mcufinder
2022-11-05 09:05:33,359 [INFO] DbBoardsDocs:110 - Set database path to: C:\Users\NGUYEN THANH QUI\.stmcufinder\plugins\mcufinder//mcu/
2022-11-05 09:05:33,359 [WARN] DbFile:35 - Overriding database path with different value: C:\Users\NGUYEN THANH QUI\.stmcufinder\plugins\mcufinder/ => C:\Users\NGUYEN THANH QUI\.stmcufinder\plugins\mcufinder
2022-11-05 09:05:33,359 [INFO] DbBoardsJson:57 - Set database path to: C:\Users\NGUYEN THANH QUI\.stmcufinder\plugins\mcufinder//mcu/
2022-11-05 09:05:33,359 [WARN] DbFile:35 - Overriding database path with different value: C:\Users\NGUYEN THANH QUI\.stmcufinder\plugins\mcufinder/ => C:\Users\NGUYEN THANH QUI\.stmcufinder\plugins\mcufinder
2022-11-05 09:05:33,359 [WARN] DbFile:35 - Overriding database path with different value: C:\Users\NGUYEN THANH QUI\.stmcufinder\plugins\mcufinder/ => C:\Users\NGUYEN THANH QUI\.stmcufinder\plugins\mcufinder
2022-11-05 09:05:34,359 [INFO] CrossReferenceDbSqlite:196 - Set database path to: C:\Users\NGUYEN THANH QUI\.stmcufinder\plugins\mcufinder//mcu/cs/
2022-11-05 09:05:34,359 [WARN] DbFile:35 - Overriding database path with different value: C:\Users\NGUYEN THANH QUI\.stmcufinder\plugins\mcufinder/ => C:\Users\NGUYEN THANH QUI\.stmcufinder\plugins\mcufinder
2022-11-05 09:05:34,359 [INFO] DbExamplesSqlite:767 - Set database path to: C:\Users\NGUYEN THANH QUI\.stmcufinder\plugins\mcufinder//mcu/
2022-11-05 09:05:34,515 [INFO] MainPanel:214 - HeapMemory: 268435456
2022-11-05 09:05:34,640 [INFO] DbMcusXml:74 - Set database path to: C:\ST\STM32CubeIDE_1.7.0\STM32CubeIDE\plugins\com.st.stm32cube.common.mx_6.3.0.202107141111\\db\/mcu/
2022-11-05 09:05:34,640 [INFO] DbBoardsPdsc:56 - Set plugin database path to: C:\ST\STM32CubeIDE_1.7.0\STM32CubeIDE\plugins\com.st.stm32cube.common.mx_6.3.0.202107141111\\db\/plugins/boardmanager/
2022-11-05 09:05:34,640 [INFO] DbMcus:258 - Set plugin images path to: C:\ST\STM32CubeIDE_1.7.0\STM32CubeIDE\plugins\com.st.stm32cube.common.mx_6.3.0.202107141111\\db\/plugins/mcufinder/images/
2022-11-05 09:05:34,640 [INFO] DbBoards:264 - Set plugin images path to: C:\ST\STM32CubeIDE_1.7.0\STM32CubeIDE\plugins\com.st.stm32cube.common.mx_6.3.0.202107141111\\db\/plugins/mcufinder/images/
2022-11-05 09:05:34,640 [INFO] DbExamples:333 - Set plugin images path to: C:\ST\STM32CubeIDE_1.7.0\STM32CubeIDE\plugins\com.st.stm32cube.common.mx_6.3.0.202107141111\\db\/plugins/mcufinder/images/
2022-11-05 09:05:34,640 [WARN] DbFile:35 - Overriding database path with different value: C:\Users\NGUYEN THANH QUI\.stmcufinder\plugins\mcufinder/ => C:\Users\NGUYEN THANH QUI\.stmcufinder\plugins\mcufinder
2022-11-05 09:05:34,640 [INFO] DbMcusAds:119 - Set database path to: C:\Users\NGUYEN THANH QUI\.stmcufinder\plugins\mcufinder//mcu/
2022-11-05 09:05:34,640 [WARN] DbFile:35 - Overriding database path with different value: C:\Users\NGUYEN THANH QUI\.stmcufinder\plugins\mcufinder/ => C:\Users\NGUYEN THANH QUI\.stmcufinder\plugins\mcufinder
2022-11-05 09:05:34,640 [INFO] DbMcusDocs:110 - Set database path to: C:\Users\NGUYEN THANH QUI\.stmcufinder\plugins\mcufinder//mcu/
2022-11-05 09:05:34,640 [WARN] DbFile:35 - Overriding database path with different value: C:\Users\NGUYEN THANH QUI\.stmcufinder\plugins\mcufinder/ => C:\Users\NGUYEN THANH QUI\.stmcufinder\plugins\mcufinder
2022-11-05 09:05:34,640 [INFO] DbMcusJson:64 - Set database path to: C:\Users\NGUYEN THANH QUI\.stmcufinder\plugins\mcufinder//mcu/
2022-11-05 09:05:34,640 [WARN] DbFile:35 - Overriding database path with different value: C:\Users\NGUYEN THANH QUI\.stmcufinder\plugins\mcufinder/ => C:\Users\NGUYEN THANH QUI\.stmcufinder\plugins\mcufinder
2022-11-05 09:05:34,640 [INFO] DbBoardsDocs:110 - Set database path to: C:\Users\NGUYEN THANH QUI\.stmcufinder\plugins\mcufinder//mcu/
2022-11-05 09:05:34,640 [WARN] DbFile:35 - Overriding database path with different value: C:\Users\NGUYEN THANH QUI\.stmcufinder\plugins\mcufinder/ => C:\Users\NGUYEN THANH QUI\.stmcufinder\plugins\mcufinder
2022-11-05 09:05:34,640 [INFO] DbBoardsJson:57 - Set database path to: C:\Users\NGUYEN THANH QUI\.stmcufinder\plugins\mcufinder//mcu/
2022-11-05 09:05:34,640 [WARN] DbFile:35 - Overriding database path with different value: C:\Users\NGUYEN THANH QUI\.stmcufinder\plugins\mcufinder/ => C:\Users\NGUYEN THANH QUI\.stmcufinder\plugins\mcufinder
2022-11-05 09:05:34,640 [WARN] DbFile:35 - Overriding database path with different value: C:\Users\NGUYEN THANH QUI\.stmcufinder\plugins\mcufinder/ => C:\Users\NGUYEN THANH QUI\.stmcufinder\plugins\mcufinder
2022-11-05 09:05:35,359 [INFO] CrossReferenceDbSqlite:196 - Set database path to: C:\Users\NGUYEN THANH QUI\.stmcufinder\plugins\mcufinder//mcu/cs/
2022-11-05 09:05:35,359 [WARN] DbFile:35 - Overriding database path with different value: C:\Users\NGUYEN THANH QUI\.stmcufinder\plugins\mcufinder/ => C:\Users\NGUYEN THANH QUI\.stmcufinder\plugins\mcufinder
2022-11-05 09:05:35,359 [INFO] DbExamplesSqlite:767 - Set database path to: C:\Users\NGUYEN THANH QUI\.stmcufinder\plugins\mcufinder//mcu/
2022-11-05 09:05:35,406 [INFO] ApplicationProperties:181 - Using Application install path: C:\ST\STM32CubeIDE_1.7.0\STM32CubeIDE\plugins\com.st.stm32cube.common.mx_6.3.0.202107141111
2022-11-05 09:05:35,406 [INFO] PluginManage:188 - Search for loadable plugins [exclusion list=, ]
2022-11-05 09:05:35,406 [INFO] PluginManage:302 - Check plugin analytics
2022-11-05 09:05:36,437 [INFO] AnalyticsPlugin:257 - Accepted Software Licenses: 
2022-11-05 09:05:36,437 [INFO] AnalyticsPlugin:259 - Accepted CMSIS Pack Licenses: 
2022-11-05 09:05:36,437 [INFO] AnalyticsPlugin:261 - Accepted Firmware Licenses: 
2022-11-05 09:05:36,437 [INFO] PluginManage:352 - Loaded plugin analytics (category:tool,tabindex:-1)
2022-11-05 09:05:36,437 [INFO] PluginManage:302 - Check plugin clock
2022-11-05 09:05:36,453 [INFO] PluginManage:352 - Loaded plugin clock (category:base,tabindex:2)
2022-11-05 09:05:36,453 [INFO] PluginManage:302 - Check plugin ddr
2022-11-05 09:05:36,453 [INFO] PluginManage:352 - Loaded plugin ddr (category:tool,tabindex:6)
2022-11-05 09:05:36,453 [INFO] PluginManage:302 - Check plugin filemanager
2022-11-05 09:05:36,609 [INFO] PluginManage:352 - Loaded plugin filemanager (category:base,tabindex:10)
2022-11-05 09:05:36,609 [INFO] PluginManage:302 - Check plugin ipmanager
2022-11-05 09:05:36,625 [INFO] PluginManage:352 - Loaded plugin ipmanager (category:base,tabindex:5)
2022-11-05 09:05:36,625 [INFO] PluginManage:302 - Check plugin pinoutandconfiguration
2022-11-05 09:05:36,640 [INFO] PluginManage:352 - Loaded plugin pinoutandconfiguration (category:base,tabindex:1)
2022-11-05 09:05:36,640 [INFO] PluginManage:302 - Check plugin pinoutconfig
2022-11-05 09:05:36,671 [INFO] PluginManage:352 - Loaded plugin pinoutconfig (category:base,tabindex:0)
2022-11-05 09:05:36,671 [INFO] PluginManage:302 - Check plugin power
2022-11-05 09:05:36,687 [INFO] PluginManage:352 - Loaded plugin power (category:power,tabindex:4)
2022-11-05 09:05:36,687 [INFO] PluginManage:302 - Check plugin projectmanager
2022-11-05 09:05:36,703 [INFO] PluginManage:352 - Loaded plugin projectmanager (category:projectmanager,tabindex:3)
2022-11-05 09:05:36,703 [INFO] PluginManage:302 - Check plugin thirdparty
2022-11-05 09:05:36,859 [WARN] IntegrityCheckThread:78 - waiting for thirdparty lock release [integrity check]
2022-11-05 09:05:36,859 [INFO] PluginManage:352 - Loaded plugin thirdparty (category:base,tabindex:-1)
2022-11-05 09:05:36,859 [INFO] IntegrityCheckThread:80 - entering critical section [integrity check]
2022-11-05 09:05:36,859 [INFO] PluginManage:302 - Check plugin tools
2022-11-05 09:05:36,859 [INFO] ThirdPartyUpdaterWithRetryManager:66 - Updater plugin not ready yet. [1/15]
2022-11-05 09:05:36,875 [INFO] PluginManage:352 - Loaded plugin tools (category:base,tabindex:7)
2022-11-05 09:05:36,875 [INFO] PluginManage:302 - Check plugin tutovideos
2022-11-05 09:05:37,109 [INFO] PluginManage:352 - Loaded plugin tutovideos (category:base,tabindex:-1)
2022-11-05 09:05:37,109 [INFO] PluginManage:302 - Check plugin updater
2022-11-05 09:05:37,125 [INFO] PluginManage:352 - Loaded plugin updater (category:base,tabindex:12)
2022-11-05 09:05:37,125 [INFO] PluginManage:275 - PluginManage : Loaded plugins [13]
2022-11-05 09:05:37,359 [INFO] PinOutPanel:1463 - setPackage(No Configuration,No Configuration)
2022-11-05 09:05:37,468 [INFO] IPUIPlugin:74 - create IPUIPlugin
2022-11-05 09:05:37,468 [INFO] PluginManager:213 - loadIPPluginJar : add adc
2022-11-05 09:05:37,484 [INFO] IPUIPlugin:74 - create IPUIPlugin
2022-11-05 09:05:37,484 [INFO] PluginManager:213 - loadIPPluginJar : add aes
2022-11-05 09:05:37,484 [INFO] IPUIPlugin:74 - create IPUIPlugin
2022-11-05 09:05:37,484 [INFO] PluginManager:213 - loadIPPluginJar : add can
2022-11-05 09:05:37,484 [INFO] IPUIPlugin:74 - create IPUIPlugin
2022-11-05 09:05:37,484 [INFO] PluginManager:213 - loadIPPluginJar : add comp
2022-11-05 09:05:37,484 [INFO] IPUIPlugin:74 - create IPUIPlugin
2022-11-05 09:05:37,484 [INFO] PluginManager:213 - loadIPPluginJar : add cryp
2022-11-05 09:05:37,484 [INFO] IPUIPlugin:74 - create IPUIPlugin
2022-11-05 09:05:37,500 [INFO] PluginManager:213 - loadIPPluginJar : add dfsdm
2022-11-05 09:05:37,500 [INFO] IPUIPlugin:74 - create IPUIPlugin
2022-11-05 09:05:37,500 [INFO] PluginManager:213 - loadIPPluginJar : add dma
2022-11-05 09:05:37,500 [INFO] IPUIPlugin:74 - create IPUIPlugin
2022-11-05 09:05:37,500 [INFO] PluginManager:213 - loadIPPluginJar : add dma3
2022-11-05 09:05:37,500 [INFO] IPUIPlugin:74 - create IPUIPlugin
2022-11-05 09:05:37,500 [INFO] PluginManager:213 - loadIPPluginJar : add fatfs
2022-11-05 09:05:37,515 [INFO] IPUIPlugin:74 - create IPUIPlugin
2022-11-05 09:05:37,515 [INFO] PluginManager:213 - loadIPPluginJar : add fmc
2022-11-05 09:05:37,515 [INFO] IPUIPlugin:74 - create IPUIPlugin
2022-11-05 09:05:37,515 [INFO] PluginManager:213 - loadIPPluginJar : add freertos
2022-11-05 09:05:37,531 [INFO] IPUIPlugin:74 - create IPUIPlugin
2022-11-05 09:05:37,531 [INFO] PluginManager:213 - loadIPPluginJar : add genericplugin
2022-11-05 09:05:37,531 [INFO] IPUIPlugin:74 - create IPUIPlugin
2022-11-05 09:05:37,531 [INFO] PluginManager:213 - loadIPPluginJar : add gfxmmu
2022-11-05 09:05:37,531 [INFO] IPUIPlugin:74 - create IPUIPlugin
2022-11-05 09:05:37,531 [INFO] PluginManager:213 - loadIPPluginJar : add gic
2022-11-05 09:05:37,546 [INFO] IPUIPlugin:74 - create IPUIPlugin
2022-11-05 09:05:37,546 [INFO] PluginManager:213 - loadIPPluginJar : add gpio
2022-11-05 09:05:37,546 [INFO] IPUIPlugin:74 - create IPUIPlugin
2022-11-05 09:05:37,546 [INFO] PluginManager:213 - loadIPPluginJar : add gtzc
2022-11-05 09:05:37,546 [INFO] IPUIPlugin:74 - create IPUIPlugin
2022-11-05 09:05:37,546 [INFO] PluginManager:213 - loadIPPluginJar : add hash
2022-11-05 09:05:37,562 [INFO] IPUIPlugin:74 - create IPUIPlugin
2022-11-05 09:05:37,562 [INFO] PluginManager:213 - loadIPPluginJar : add i2c
2022-11-05 09:05:37,562 [INFO] IPUIPlugin:74 - create IPUIPlugin
2022-11-05 09:05:37,562 [INFO] PluginManager:213 - loadIPPluginJar : add i2s
2022-11-05 09:05:37,562 [INFO] IPUIPlugin:74 - create IPUIPlugin
2022-11-05 09:05:37,562 [INFO] PluginManager:213 - loadIPPluginJar : add ipddr
2022-11-05 09:05:37,578 [INFO] IPUIPlugin:74 - create IPUIPlugin
2022-11-05 09:05:37,578 [INFO] PluginManager:213 - loadIPPluginJar : add linkedlist
2022-11-05 09:05:37,578 [INFO] IPUIPlugin:74 - create IPUIPlugin
2022-11-05 09:05:37,578 [INFO] PluginManager:213 - loadIPPluginJar : add lorawan
2022-11-05 09:05:37,593 [INFO] IPUIPlugin:74 - create IPUIPlugin
2022-11-05 09:05:37,593 [INFO] PluginManager:213 - loadIPPluginJar : add ltdc
2022-11-05 09:05:37,593 [INFO] IPUIPlugin:74 - create IPUIPlugin
2022-11-05 09:05:37,593 [INFO] PluginManager:213 - loadIPPluginJar : add mdma
2022-11-05 09:05:37,593 [INFO] IPUIPlugin:74 - create IPUIPlugin
2022-11-05 09:05:37,593 [INFO] PluginManager:213 - loadIPPluginJar : add nvic
2022-11-05 09:05:37,609 [INFO] IPUIPlugin:74 - create IPUIPlugin
2022-11-05 09:05:37,609 [INFO] PluginManager:213 - loadIPPluginJar : add opamp
2022-11-05 09:05:37,609 [INFO] IPUIPlugin:74 - create IPUIPlugin
2022-11-05 09:05:37,609 [INFO] PluginManager:213 - loadIPPluginJar : add openamp
2022-11-05 09:05:37,609 [INFO] IPUIPlugin:74 - create IPUIPlugin
2022-11-05 09:05:37,609 [INFO] PluginManager:213 - loadIPPluginJar : add pdm2pcm
2022-11-05 09:05:37,625 [INFO] IPUIPlugin:74 - create IPUIPlugin
2022-11-05 09:05:37,625 [INFO] PluginManager:213 - loadIPPluginJar : add plateformsettings
2022-11-05 09:05:37,625 [INFO] IPUIPlugin:74 - create IPUIPlugin
2022-11-05 09:05:37,625 [INFO] PluginManager:213 - loadIPPluginJar : add quadspi
2022-11-05 09:05:37,640 [INFO] IPUIPlugin:74 - create IPUIPlugin
2022-11-05 09:05:37,640 [INFO] PluginManager:213 - loadIPPluginJar : add resmgrutility
2022-11-05 09:05:37,640 [INFO] IPUIPlugin:74 - create IPUIPlugin
2022-11-05 09:05:37,640 [INFO] PluginManager:213 - loadIPPluginJar : add sai
2022-11-05 09:05:37,640 [INFO] IPUIPlugin:74 - create IPUIPlugin
2022-11-05 09:05:37,640 [INFO] PluginManager:213 - loadIPPluginJar : add spi
2022-11-05 09:05:37,656 [INFO] IPUIPlugin:74 - create IPUIPlugin
2022-11-05 09:05:37,656 [INFO] PluginManager:213 - loadIPPluginJar : add stm32_wpan
2022-11-05 09:05:37,656 [INFO] IPUIPlugin:74 - create IPUIPlugin
2022-11-05 09:05:37,656 [INFO] PluginManager:213 - loadIPPluginJar : add tim
2022-11-05 09:05:37,656 [INFO] IPUIPlugin:74 - create IPUIPlugin
2022-11-05 09:05:37,656 [INFO] PluginManager:213 - loadIPPluginJar : add touchsensing
2022-11-05 09:05:37,671 [INFO] IPUIPlugin:74 - create IPUIPlugin
2022-11-05 09:05:37,671 [INFO] PluginManager:213 - loadIPPluginJar : add tracer_emb
2022-11-05 09:05:37,671 [INFO] IPUIPlugin:74 - create IPUIPlugin
2022-11-05 09:05:37,671 [INFO] PluginManager:213 - loadIPPluginJar : add ts
2022-11-05 09:05:37,671 [INFO] IPUIPlugin:74 - create IPUIPlugin
2022-11-05 09:05:37,671 [INFO] PluginManager:213 - loadIPPluginJar : add tsc
2022-11-05 09:05:37,671 [INFO] IPUIPlugin:74 - create IPUIPlugin
2022-11-05 09:05:37,671 [INFO] PluginManager:213 - loadIPPluginJar : add ucpd
2022-11-05 09:05:37,671 [INFO] IPUIPlugin:74 - create IPUIPlugin
2022-11-05 09:05:37,671 [INFO] PluginManager:213 - loadIPPluginJar : add usart
2022-11-05 09:05:37,687 [INFO] IPUIPlugin:74 - create IPUIPlugin
2022-11-05 09:05:37,687 [INFO] PluginManager:213 - loadIPPluginJar : add usbx
2022-11-05 09:05:37,995 [FATAL] Updater:294 - Updater called before beeing initialized
2022-11-05 09:05:38,120 [FATAL] Updater:294 - Updater called before beeing initialized
2022-11-05 09:05:38,120 [INFO] DbMcusAds:47 - JSON generation date=Thu Sep 30 13:56:37 ICT 2021 (1632984997303)
2022-11-05 09:05:38,136 [FATAL] Updater:294 - Updater called before beeing initialized
2022-11-05 09:05:38,198 [WARN] DetailPanel:314 - Failed to get advertising image, set to default
2022-11-05 09:05:38,307 [FATAL] Updater:294 - Updater called before beeing initialized
2022-11-05 09:05:38,307 [FATAL] Updater:294 - Updater called before beeing initialized
2022-11-05 09:05:38,307 [FATAL] Updater:294 - Updater called before beeing initialized
2022-11-05 09:05:38,307 [WARN] DetailPanel:314 - Failed to get advertising image, set to default
2022-11-05 09:05:38,307 [FATAL] Updater:294 - Updater called before beeing initialized
2022-11-05 09:05:38,385 [ERROR] Updater:1075 - MainUpdater not yet initialized. External WinMGr cannot be set.
2022-11-05 09:05:38,385 [INFO] Updater:1012 - Updater Version found : 6.3.0
2022-11-05 09:05:38,417 [INFO] ApplicationProperties:181 - Using Application install path: C:\ST\STM32CubeIDE_1.7.0\STM32CubeIDE\plugins\com.st.stm32cube.common.mx_6.3.0.202107141111
2022-11-05 09:05:38,745 [INFO] MainUpdater:2671 - connection check result : 10
2022-11-05 09:05:38,760 [INFO] MainUpdater:265 - Updater Check For Update Now.
2022-11-05 09:05:38,760 [INFO] MicroXplorer:478 - Change Database Version : DB.6.0.30
2022-11-05 09:05:38,901 [INFO] CheckServerUpdateThread:112 - End of CheckServer Thread
2022-11-05 09:05:38,979 [INFO] MainUpdater:2671 - connection check result : 10
2022-11-05 09:05:39,167 [INFO] McuFinderGlobals:52 - Set McuFinderConnectedMode to false
2022-11-05 09:05:39,276 [INFO] CrossSelectorPresenter:1330 - Cross Selector saved comparison directory: C:\Users\NGUYEN THANH QUI\.stmcufinder\plugins\mcufinder\mcu\cs_comparisons_mx
2022-11-05 09:05:39,276 [INFO] MultiScanPanel:197 - Auto-refresh data requested => check proxy status ongoing
2022-11-05 09:05:39,276 [INFO] MultiScanPanel:201 - Proxy status is invalid
2022-11-05 09:05:39,276 [INFO] FinderPluginLoader:87 - Searching for filters in installed packs
2022-11-05 09:05:39,276 [INFO] DbMcusXml:100 - Load MCU database from C:\ST\STM32CubeIDE_1.7.0\STM32CubeIDE\plugins\com.st.stm32cube.common.mx_6.3.0.202107141111\\db\/mcu/families.xml
2022-11-05 09:05:40,307 [WARN] PackLoader:238 - Cannot read IP mode file for STMicroelectronics.X-CUBE-GNSS1.6.0.0
2022-11-05 09:05:40,479 [WARN] PackLoader:238 - Cannot read IP mode file for STMicroelectronics.X-CUBE-AZRTOS-F4.1.1.0
2022-11-05 09:05:40,651 [WARN] PackLoader:238 - Cannot read IP mode file for STMicroelectronics.X-CUBE-BLEMGR.1.2.0
2022-11-05 09:05:40,823 [WARN] PackLoader:238 - Cannot read IP mode file for STMicroelectronics.X-CUBE-AZRTOS-F7.1.1.0
2022-11-05 09:05:40,870 [WARN] PackLoader:238 - Cannot read IP mode file for STMicroelectronics.X-CUBE-BLE1.6.2.3
2022-11-05 09:05:40,885 [WARN] PackLoader:238 - Cannot read IP mode file for STMicroelectronics.X-CUBE-NFC4.2.0.4
2022-11-05 09:05:40,885 [WARN] PackLoader:238 - Cannot read IP mode file for STMicroelectronics.X-CUBE-TOF1.3.1.0
2022-11-05 09:05:40,901 [INFO] DbMcusJson:93 - JSON generation date=Tue Nov 16 23:17:54 ICT 2021 (1637079474)
2022-11-05 09:05:40,932 [WARN] PackLoader:238 - Cannot read IP mode file for wolfSSL.I-CUBE-wolfSSL.5.5.0
2022-11-05 09:05:40,948 [WARN] PackLoader:238 - Cannot read IP mode file for STMicroelectronics.X-CUBE-NFC7.1.0.0
2022-11-05 09:05:41,245 [WARN] PackLoader:238 - Cannot read IP mode file for STMicroelectronics.X-CUBE-MEMS1.9.3.0
2022-11-05 09:05:41,901 [WARN] PackLoader:238 - Cannot read IP mode file for STMicroelectronics.X-CUBE-AI.7.2.0
2022-11-05 09:05:41,916 [WARN] PackLoader:238 - Cannot read IP mode file for STMicroelectronics.X-CUBE-SFXS2LP1.4.0.0
2022-11-05 09:05:41,932 [WARN] PackLoader:238 - Cannot read IP mode file for STMicroelectronics.X-CUBE-BLE2.3.3.0
2022-11-05 09:05:41,948 [WARN] PackLoader:238 - Cannot read IP mode file for STMicroelectronics.X-CUBE-DISPLAY.2.2.0
2022-11-05 09:05:41,963 [WARN] PackLoader:238 - Cannot read IP mode file for STMicroelectronics.X-CUBE-TOF1.3.2.0
2022-11-05 09:05:42,104 [WARN] PackLoader:238 - Cannot read IP mode file for STMicroelectronics.X-CUBE-ISPU.1.0.0
2022-11-05 09:05:42,120 [WARN] PackLoader:238 - Cannot read IP mode file for RoweBots.I-CUBE-UNISONRTOS.5.5.0-4
2022-11-05 09:05:42,151 [WARN] PackLoader:238 - Cannot read IP mode file for STMicroelectronics.X-CUBE-AZRTOS-H7.2.1.0
2022-11-05 09:05:42,260 [WARN] PackLoader:238 - Cannot read IP mode file for STMicroelectronics.X-CUBE-BLEMGR.1.0.0
2022-11-05 09:05:42,291 [WARN] PackLoader:238 - Cannot read IP mode file for STMicroelectronics.X-CUBE-AI.7.3.0
2022-11-05 09:05:42,291 [WARN] PackLoader:238 - Cannot read IP mode file for STMicroelectronics.X-CUBE-ALGOBUILD.1.3.0
2022-11-05 09:05:42,323 [WARN] PackLoader:238 - Cannot read IP mode file for STMicroelectronics.X-CUBE-AZRTOS-G0.1.1.0
2022-11-05 09:05:42,338 [WARN] PackLoader:238 - Cannot read IP mode file for STMicroelectronics.X-CUBE-SUBG2.5.0.0
2022-11-05 09:05:42,385 [WARN] PackLoader:238 - Cannot read IP mode file for SEGGER.I-CUBE-embOS.1.2.0
2022-11-05 09:05:42,729 [WARN] PackLoader:238 - Cannot read IP mode file for STMicroelectronics.FP-ATR-ASTRA1.1.1.1
2022-11-05 09:05:42,760 [WARN] PackLoader:238 - Cannot read IP mode file for STMicroelectronics.X-CUBE-AZRTOS-G4.1.0.0
2022-11-05 09:05:42,776 [WARN] PackLoader:238 - Cannot read IP mode file for STMicroelectronics.FP-ATR-SIGFOX1.3.2.0
2022-11-05 09:05:42,885 [INFO] DbMcus:175 - Found 1951 MCUs (1903 are supported by CubeMX, 1914 are visible in CubeMX)
2022-11-05 09:05:42,901 [INFO] ApiDb:251 - Load user favorites file C:\Users\NGUYEN THANH QUI/.stm32cubeide/favorites.mcus.txt: 0 item(s)
2022-11-05 09:05:42,901 [INFO] ApiDb:255 - User favorites MCUs=[]
2022-11-05 09:05:42,901 [INFO] DbMcus:187 - Set 0 / 0 favorites MCUs
2022-11-05 09:05:42,901 [WARN] PackLoader:238 - Cannot read IP mode file for STMicroelectronics.X-CUBE-AZRTOS-L4.1.0.0
2022-11-05 09:05:42,916 [WARN] PackLoader:238 - Cannot read IP mode file for emotas.I-CUBE-CANOPEN.1.1.2
2022-11-05 09:05:42,916 [WARN] PackLoader:238 - Cannot read IP mode file for STMicroelectronics.X-CUBE-TOUCHGFX.4.20.0
2022-11-05 09:05:42,948 [WARN] PackLoader:238 - Cannot read IP mode file for STMicroelectronics.X-CUBE-AZRTOS-WL.1.0.0
2022-11-05 09:05:42,948 [WARN] PackLoader:238 - Cannot read IP mode file for portGmbH.I-Cube-SoM-uGOAL.1.1.0
2022-11-05 09:05:42,963 [WARN] PackLoader:238 - Cannot read IP mode file for STMicroelectronics.X-CUBE-ALS.1.0.1
2022-11-05 09:05:42,979 [WARN] PackLoader:238 - Cannot read IP mode file for STMicroelectronics.X-CUBE-AZRTOS-L5.1.0.0
2022-11-05 09:05:42,995 [WARN] PackLoader:238 - Cannot read IP mode file for STMicroelectronics.X-CUBE-EEPRMA1.3.1.1
2022-11-05 09:05:42,995 [INFO] ThirdParty:915 - Integrity check success = true
2022-11-05 09:05:42,995 [INFO] IntegrityCheckThread:94 - exiting critical section [integrity check]
2022-11-05 09:05:42,995 [INFO] IntegrityCheckThread:97 - End integrity checks thread
2022-11-05 09:05:43,994 [INFO] DetailPanel:309 - Set advertising image to C:/Users/NGUYEN THANH QUI/STM32Cube/Repository/\en.Prom_NBSTM32U50921.jpg
2022-11-05 09:05:45,166 [INFO] DbBoardsPdsc:90 - Found 25 items
2022-11-05 09:05:45,166 [INFO] DbBoardsPdsc:90 - Found 9 items
2022-11-05 09:05:45,166 [INFO] DbBoardsPdsc:90 - Found 33 items
2022-11-05 09:05:45,166 [INFO] DbBoardsPdsc:90 - Found 1 items
2022-11-05 09:05:45,182 [INFO] DbBoardsPdsc:90 - Found 48 items
2022-11-05 09:05:45,323 [INFO] DbBoardsPdsc:90 - Found 43 items
2022-11-05 09:05:45,358 [INFO] DbBoardsPdsc:90 - Found 2 items
2022-11-05 09:05:45,361 [INFO] DbBoardsPdsc:90 - Found 5 items
2022-11-05 09:05:45,367 [WARN] DbBoardsPdsc:254 - Board STM32H7B3I-DK: unknown feature type=Audio, name=, username=Audio stereo codec with Headphone Amp (CS42L51-CNZ), n=1
2022-11-05 09:05:45,367 [WARN] DbBoardsPdsc:254 - Board STM32H735G-DK: unknown feature type=Audio, name=, username=Audio stereo codec with Headphone Amp (WM8994ECS/R), n=1
2022-11-05 09:05:45,370 [WARN] DbBoardsPdsc:254 - Board STM32H7B3I-EVAL: unknown feature type=Audio, name=, username=Multi-Channel Audio Codec (CS42L51-CNZ), n=1
2022-11-05 09:05:45,371 [WARN] DbBoardsPdsc:254 - Board STM32H7B3I-EVAL: unknown feature type=Meter, name=, username=Power-metering and Temperature-monitoring with sigma-delta modulators, n=1
2022-11-05 09:05:45,371 [WARN] DbBoardsPdsc:254 - Board STM32H7B3I-EVAL: unknown feature type=Motor, name=, username=Motor Control, n=1
2022-11-05 09:05:45,371 [WARN] DbBoardsPdsc:254 - Board STM32U575I-EV: unknown feature type=joystick, name=, username=4-direction joystick with selection button, n=1
2022-11-05 09:05:45,574 [INFO] DbBoardsJson:86 - JSON generation date=Tue Nov 16 23:17:54 ICT 2021 (1637079474)
2022-11-05 09:05:45,605 [INFO] DbBoards:117 - Found 167 boards (163 are supported by CubeMX)
2022-11-05 09:05:45,605 [INFO] DbBoardsDocs:143 - JSON generation date=Tue Nov 16 23:17:54 ICT 2021 (1637079474)
2022-11-05 09:05:45,605 [INFO] DbBoardsDocs:79 - Found 209 boards documents
2022-11-05 09:05:45,605 [WARN] DbBoards:127 - board B-L475E-IOT01A2 has no document id list !
2022-11-05 09:05:45,605 [WARN] DbBoards:127 - board NUCLEO-H743ZI has no document id list !
2022-11-05 09:05:45,621 [WARN] DbBoards:127 - board NUCLEO-WL55JC2 has no document id list !
2022-11-05 09:05:45,621 [WARN] DbBoards:127 - board P-NUCLEO-WB55-Nucleo has no document id list !
2022-11-05 09:05:45,621 [WARN] DbBoards:127 - board P-NUCLEO-WB55-USBDongle has no document id list !
2022-11-05 09:05:45,621 [WARN] DbBoards:127 - board STEVAL-BFA001V1B has no document id list !
2022-11-05 09:05:45,621 [WARN] DbBoards:127 - board STEVAL-BFA001V2B has no document id list !
2022-11-05 09:05:45,621 [WARN] DbBoards:127 - board STEVAL-IDP005V1 has no document id list !
2022-11-05 09:05:45,621 [WARN] DbBoards:127 - board STEVAL-IDP005V2 has no document id list !
2022-11-05 09:05:45,621 [WARN] DbBoards:127 - board STEVAL-MKSBOX1V1 has no document id list !
2022-11-05 09:05:45,621 [WARN] DbBoards:127 - board STEVAL-STWINKT1 has no document id list !
2022-11-05 09:05:45,621 [WARN] DbBoards:127 - board STEVAL-STWINKT1B has no document id list !
2022-11-05 09:05:45,621 [WARN] DbBoards:127 - board STM32439I-EVAL2 has no document id list !
2022-11-05 09:05:45,621 [WARN] DbBoards:127 - board STM32F401C-DISCO has no document id list !
2022-11-05 09:05:45,621 [WARN] DbBoards:127 - board STM32F769I-DISC1 has no document id list !
2022-11-05 09:05:45,621 [WARN] DbBoards:127 - board STM32G474E-EVAL1 has no document id list !
2022-11-05 09:05:45,621 [WARN] DbBoards:127 - board STM32H743I-EVAL2 has no document id list !
2022-11-05 09:05:45,621 [WARN] DbBoards:127 - board STM32H747I-DISC1 has no document id list !
2022-11-05 09:05:45,621 [WARN] DbBoards:127 - board STM32H753I-EVAL2 has no document id list !
2022-11-05 09:05:45,621 [WARN] DbBoards:127 - board STM32L-DISCOVERY has no document id list !
2022-11-05 09:05:46,556 [ERROR] DbBoards:189 - Image file not found for board B-U585I-IOT02A: C:\ST\STM32CubeIDE_1.7.0\STM32CubeIDE\plugins\com.st.stm32cube.common.mx_6.3.0.202107141111\\db\/plugins/mcufinder/images/boards/B-U585I-IOT02A_small.jpg
2022-11-05 09:05:47,364 [ERROR] DbBoards:189 - Image file not found for board NUCLEO-F413ZH: C:\ST\STM32CubeIDE_1.7.0\STM32CubeIDE\plugins\com.st.stm32cube.common.mx_6.3.0.202107141111\\db\/plugins/mcufinder/images/boards/nucleo-f413zh_small.jpg
2022-11-05 09:05:47,767 [ERROR] DbBoards:189 - Image file not found for board NUCLEO-L552ZE-Q: C:\ST\STM32CubeIDE_1.7.0\STM32CubeIDE\plugins\com.st.stm32cube.common.mx_6.3.0.202107141111\\db\/plugins/mcufinder/images/boards/nucleo_l552ze_q_small.jpg
2022-11-05 09:05:47,767 [ERROR] DbBoards:189 - Image file not found for board NUCLEO-U575ZI-Q: C:\ST\STM32CubeIDE_1.7.0\STM32CubeIDE\plugins\com.st.stm32cube.common.mx_6.3.0.202107141111\\db\/plugins/mcufinder/images/boards/nucleo-u575zi-q_small.jpg
2022-11-05 09:05:47,767 [ERROR] DbBoards:189 - Image file not found for board NUCLEO-WB15CC: C:\ST\STM32CubeIDE_1.7.0\STM32CubeIDE\plugins\com.st.stm32cube.common.mx_6.3.0.202107141111\\db\/plugins/mcufinder/images/boards/nucleo-wb15cc_small.jpg
2022-11-05 09:05:47,767 [ERROR] DbBoards:189 - Image file not found for board NUCLEO-WB55RG: C:\ST\STM32CubeIDE_1.7.0\STM32CubeIDE\plugins\com.st.stm32cube.common.mx_6.3.0.202107141111\\db\/plugins/mcufinder/images/boards/nucleo-wb55rg_small.jpg
2022-11-05 09:05:49,633 [INFO] ApiDb:251 - Load user favorites file C:\Users\NGUYEN THANH QUI/.stm32cubeide/favorites.boards.txt: 0 item(s)
2022-11-05 09:05:49,633 [INFO] ApiDb:255 - User favorites Boards=[]
2022-11-05 09:05:49,633 [INFO] DbBoards:206 - Set 0 / 0 favorites Boards
2022-11-05 09:06:02,359 [INFO] DbMcusDocs:143 - JSON generation date=Tue Nov 16 23:17:54 ICT 2021 (1637079474)
2022-11-05 09:06:02,828 [INFO] DbMcusDocs:79 - Found 682 MCUs documents
2022-11-05 09:06:16,875 [INFO] MainUpdater:2671 - connection check result : 10
2022-11-05 09:06:16,875 [INFO] MainUpdater:2671 - connection check result : 10
2022-11-05 09:06:17,078 [INFO] MicroXplorer:448 - Change Database Path : 
2022-11-05 09:06:17,078 [INFO] MicroXplorer:478 - Change Database Version : DB.6.0.30
2022-11-05 09:06:17,109 [WARN] ThirdParty:813 - waiting for thirdparty lock release [close project]
2022-11-05 09:06:17,109 [INFO] ThirdParty:815 - entering critical section [close project]
2022-11-05 09:06:17,109 [INFO] ThirdParty:825 - exiting critical section [close project]
2022-11-05 09:06:17,125 [INFO] PinOutPanel:1463 - setPackage(No Configuration,No Configuration)
2022-11-05 09:06:17,125 [INFO] UtilMem:74 - Begin LoadConfig() Used Memory: 444002272 Bytes (649068544)
2022-11-05 09:06:17,125 [INFO] MicroXplorer:448 - Change Database Path : 
2022-11-05 09:06:17,125 [INFO] MicroXplorer:478 - Change Database Version : DB.6.0.30
2022-11-05 09:06:17,125 [INFO] OpenFileManager:313 - Change cursor
2022-11-05 09:06:19,156 [INFO] Context:592 - Trying to add GPIOservice into a context  which must be forbidden
2022-11-05 09:06:19,390 [INFO] ImportTextPane:167 - (OptionalMessage_ERROR) Unable to find key (Mcu.ThirdPartyNb) in loaded IOC file
2022-11-05 09:06:19,390 [INFO] ImportTextPane:167 - (OptionalMessage_ERROR) Unable to find key (Mcu.PinsNb) in loaded IOC file
2022-11-05 09:06:19,390 [INFO] ImportTextPane:167 - (OptionalMessage_ERROR) Unable to find key (Mcu.IPNb) in loaded IOC file
2022-11-05 09:06:19,468 [WARN] ApiManager:304 - Cannot register API 'Board Extension:GNSS1A1' from pack STMicroelectronics.X-CUBE-GNSS1.6.0.0: no header file found
2022-11-05 09:06:19,468 [WARN] ApiManager:304 - Cannot register API 'Board Support:Custom' from pack STMicroelectronics.X-CUBE-GNSS1.6.0.0: no header file found
2022-11-05 09:06:19,468 [WARN] ApiManager:304 - Cannot register API 'Data Exchange:lib_gnss' from pack STMicroelectronics.X-CUBE-GNSS1.6.0.0: no header file found
2022-11-05 09:06:19,500 [WARN] ApiManager:304 - Cannot register API 'Wireless:BlueNRG-MS' from pack STMicroelectronics.X-CUBE-BLE1.6.2.3: no header file found
2022-11-05 09:06:19,500 [INFO] RtosManager:484 - Registered RTOS mode: class=CMSIS, group=RTOS, mode=CMSIS_V1, owner=FREERTOS
2022-11-05 09:06:19,500 [INFO] RtosManager:484 - Registered RTOS mode: class=CMSIS, group=RTOS2, mode=CMSIS_V2, owner=FREERTOS
2022-11-05 09:06:19,500 [INFO] RtosManager:484 - Registered RTOS mode: class=RTOS, group=Core, mode=CMSIS_V1, owner=FREERTOS
2022-11-05 09:06:19,500 [INFO] RtosManager:484 - Registered RTOS mode: class=RTOS, group=Core, mode=CMSIS_V2, owner=FREERTOS
2022-11-05 09:06:19,500 [WARN] ModelIntegratedComponent:181 - Missing modes for component STMicroelectronics:FreeRTOS:0.0.1:STMicroelectronics:RTOS:FreeRTOS:Core:::10.2.0:
2022-11-05 09:06:19,500 [WARN] ApiManager:304 - Cannot register API 'Board Extension:S2868A1' from pack STMicroelectronics.X-CUBE-SUBG2.5.0.0: no header file found
2022-11-05 09:06:19,500 [WARN] ApiManager:304 - Cannot register API 'Board Extension:S2868A2' from pack STMicroelectronics.X-CUBE-SUBG2.5.0.0: no header file found
2022-11-05 09:06:19,500 [WARN] ApiManager:304 - Cannot register API 'Board Extension:S2915A1' from pack STMicroelectronics.X-CUBE-SUBG2.5.0.0: no header file found
2022-11-05 09:06:19,515 [WARN] ApiManager:304 - Cannot register API 'Board Extension:NFC04A1' from pack STMicroelectronics.X-CUBE-NFC4.2.0.4: no header file found
2022-11-05 09:06:19,515 [WARN] ModelIntegratedComponent:60 - No mode defined for component null
2022-11-05 09:06:19,515 [WARN] ModelIntegratedComponent:60 - No mode defined for component null
2022-11-05 09:06:19,515 [WARN] ModelIntegratedComponent:60 - No mode defined for component null
2022-11-05 09:06:19,515 [WARN] ModelIntegratedComponent:60 - No mode defined for component null
2022-11-05 09:06:19,515 [WARN] ModelIntegratedComponent:60 - No mode defined for component null
2022-11-05 09:06:19,515 [WARN] ModelIntegratedComponent:60 - No mode defined for component null
2022-11-05 09:06:19,515 [WARN] ModelIntegratedComponent:60 - No mode defined for component null
2022-11-05 09:06:19,515 [WARN] ModelIntegratedComponent:60 - No mode defined for component null
2022-11-05 09:06:19,515 [WARN] ModelIntegratedComponent:60 - No mode defined for component null
2022-11-05 09:06:19,515 [WARN] ModelIntegratedComponent:60 - No mode defined for component null
2022-11-05 09:06:19,531 [WARN] ModelIntegratedComponent:60 - No mode defined for component null
2022-11-05 09:06:19,531 [WARN] ModelIntegratedComponent:60 - No mode defined for component null
2022-11-05 09:06:19,531 [WARN] ModelIntegratedComponent:60 - No mode defined for component null
2022-11-05 09:06:19,531 [WARN] ModelIntegratedComponent:60 - No mode defined for component null
2022-11-05 09:06:19,531 [WARN] ModelIntegratedComponent:60 - No mode defined for component null
2022-11-05 09:06:19,531 [WARN] ModelIntegratedComponent:60 - No mode defined for component null
2022-11-05 09:06:19,531 [WARN] ModelIntegratedComponent:60 - No mode defined for component null
2022-11-05 09:06:19,531 [WARN] ModelIntegratedComponent:60 - No mode defined for component null
2022-11-05 09:06:19,531 [WARN] ModelIntegratedComponent:60 - No mode defined for component null
2022-11-05 09:06:19,531 [WARN] ModelIntegratedComponent:60 - No mode defined for component null
2022-11-05 09:06:19,531 [WARN] ModelIntegratedComponent:60 - No mode defined for component null
2022-11-05 09:06:19,531 [WARN] ModelIntegratedComponent:60 - No mode defined for component null
2022-11-05 09:06:19,531 [WARN] ModelIntegratedComponent:60 - No mode defined for component null
2022-11-05 09:06:19,531 [WARN] ModelIntegratedComponent:60 - No mode defined for component null
2022-11-05 09:06:19,531 [WARN] ModelIntegratedComponent:60 - No mode defined for component null
2022-11-05 09:06:19,531 [WARN] ModelIntegratedComponent:60 - No mode defined for component null
2022-11-05 09:06:19,531 [WARN] ModelIntegratedComponent:60 - No mode defined for component null
2022-11-05 09:06:19,531 [WARN] ModelIntegratedComponent:60 - No mode defined for component null
2022-11-05 09:06:19,531 [WARN] ModelIntegratedComponent:60 - No mode defined for component null
2022-11-05 09:06:19,531 [WARN] ModelIntegratedComponent:60 - No mode defined for component null
2022-11-05 09:06:19,531 [WARN] ModelIntegratedComponent:60 - No mode defined for component null
2022-11-05 09:06:19,531 [WARN] ApiManager:304 - Cannot register API 'Board Extension:NFC07A1' from pack STMicroelectronics.X-CUBE-NFC7.1.0.0: no header file found
2022-11-05 09:06:19,765 [WARN] ApiManager:304 - Cannot register API 'Board Extension:IKS01A3' from pack STMicroelectronics.X-CUBE-MEMS1.9.3.0: no header file found
2022-11-05 09:06:19,765 [WARN] ApiManager:304 - Cannot register API 'Board Extension:IKS01A2' from pack STMicroelectronics.X-CUBE-MEMS1.9.3.0: no header file found
2022-11-05 09:06:19,765 [WARN] ApiManager:304 - Cannot register API 'Board Extension:IKS02A1' from pack STMicroelectronics.X-CUBE-MEMS1.9.3.0: no header file found
2022-11-05 09:06:19,781 [WARN] ApiManager:304 - Cannot register API 'Board Extension:EEPRMA1' from pack STMicroelectronics.X-CUBE-EEPRMA1.3.1.1: no header file found
2022-11-05 09:06:19,781 [WARN] ApiManager:304 - Cannot register API 'Board Extension:EEPRMA2' from pack STMicroelectronics.X-CUBE-EEPRMA1.3.1.1: no header file found
2022-11-05 09:06:19,781 [WARN] ApiManager:304 - Cannot register API 'Board Extension:S2868A1' from pack STMicroelectronics.X-CUBE-SFXS2LP1.4.0.0: no header file found
2022-11-05 09:06:19,781 [WARN] ApiManager:304 - Cannot register API 'Board Extension:S2868A2' from pack STMicroelectronics.X-CUBE-SFXS2LP1.4.0.0: no header file found
2022-11-05 09:06:19,781 [WARN] ApiManager:304 - Cannot register API 'Board Extension:S2915A1' from pack STMicroelectronics.X-CUBE-SFXS2LP1.4.0.0: no header file found
2022-11-05 09:06:19,781 [WARN] ApiManager:304 - Cannot register API 'Wireless:BlueNRG-2' from pack STMicroelectronics.X-CUBE-BLE2.3.3.0: no header file found
2022-11-05 09:06:23,433 [INFO] UtilMem:74 - End LoadConfig() Used Memory: 517920128 Bytes (649068544)
2022-11-05 09:06:23,433 [WARN] ThirdParty:779 - waiting for thirdparty lock release [change project]
2022-11-05 09:06:23,433 [INFO] ThirdParty:781 - entering critical section [change project]
2022-11-05 09:06:23,433 [INFO] ThirdParty:967 - CMSIS Pack Vendor :RoweBots I-CUBE-UNISONRTOS 5.5.0-4
2022-11-05 09:06:23,433 [INFO] ThirdParty:967 - CMSIS Pack Vendor :STMicroelectronics X-CUBE-GNSS1 6.0.0
2022-11-05 09:06:23,433 [INFO] ThirdParty:967 - CMSIS Pack Vendor :STMicroelectronics X-CUBE-AZRTOS-H7 2.1.0
2022-11-05 09:06:23,433 [INFO] ThirdParty:967 - CMSIS Pack Vendor :STMicroelectronics USB_HOST 2.0.0
2022-11-05 09:06:23,433 [INFO] ThirdParty:967 - CMSIS Pack Vendor :STMicroelectronics X-CUBE-AZRTOS-F4 1.1.0
2022-11-05 09:06:23,433 [INFO] ThirdParty:967 - CMSIS Pack Vendor :STMicroelectronics USB_DEVICE 3.0.0
2022-11-05 09:06:23,433 [INFO] ThirdParty:967 - CMSIS Pack Vendor :STMicroelectronics X-CUBE-BLEMGR 1.0.0
2022-11-05 09:06:23,433 [INFO] ThirdParty:967 - CMSIS Pack Vendor :STMicroelectronics X-CUBE-BLEMGR 1.2.0
2022-11-05 09:06:23,433 [INFO] ThirdParty:967 - CMSIS Pack Vendor :STMicroelectronics X-CUBE-AZRTOS-F7 1.1.0
2022-11-05 09:06:23,433 [INFO] ThirdParty:967 - CMSIS Pack Vendor :STMicroelectronics USB_DEVICE 2.0.0
2022-11-05 09:06:23,433 [INFO] ThirdParty:967 - CMSIS Pack Vendor :STMicroelectronics X-CUBE-AI 7.3.0
2022-11-05 09:06:23,433 [INFO] ThirdParty:967 - CMSIS Pack Vendor :STMicroelectronics X-CUBE-BLE1 6.2.3
2022-11-05 09:06:23,433 [INFO] ThirdParty:967 - CMSIS Pack Vendor :STMicroelectronics X-CUBE-ALGOBUILD 1.3.0
2022-11-05 09:06:23,433 [INFO] ThirdParty:967 - CMSIS Pack Vendor :STMicroelectronics FreeRTOS 0.0.1
2022-11-05 09:06:23,433 [INFO] ThirdParty:967 - CMSIS Pack Vendor :STMicroelectronics X-CUBE-AZRTOS-G0 1.1.0
2022-11-05 09:06:23,433 [INFO] ThirdParty:967 - CMSIS Pack Vendor :STMicroelectronics X-CUBE-SUBG2 5.0.0
2022-11-05 09:06:23,433 [INFO] ThirdParty:967 - CMSIS Pack Vendor :SEGGER I-CUBE-embOS 1.2.0
2022-11-05 09:06:23,433 [INFO] ThirdParty:967 - CMSIS Pack Vendor :STMicroelectronics lwIP 2.0.3
2022-11-05 09:06:23,433 [INFO] ThirdParty:967 - CMSIS Pack Vendor :STMicroelectronics X-CUBE-NFC4 2.0.4
2022-11-05 09:06:23,433 [INFO] ThirdParty:967 - CMSIS Pack Vendor :STMicroelectronics USB_HOST 1.0.0
2022-11-05 09:06:23,433 [INFO] ThirdParty:967 - CMSIS Pack Vendor :STMicroelectronics PDM2PCM 3.1.0
2022-11-05 09:06:23,433 [INFO] ThirdParty:967 - CMSIS Pack Vendor :STMicroelectronics FP-ATR-ASTRA1 1.1.1
2022-11-05 09:06:23,433 [INFO] ThirdParty:967 - CMSIS Pack Vendor :STMicroelectronics PDM2PCM 3.3.0
2022-11-05 09:06:23,433 [INFO] ThirdParty:967 - CMSIS Pack Vendor :STMicroelectronics X-CUBE-TOF1 3.1.0
2022-11-05 09:06:23,433 [INFO] ThirdParty:967 - CMSIS Pack Vendor :STMicroelectronics X-CUBE-AZRTOS-G4 1.0.0
2022-11-05 09:06:23,433 [INFO] ThirdParty:967 - CMSIS Pack Vendor :STMicroelectronics FP-ATR-SIGFOX1 3.2.0
2022-11-05 09:06:23,433 [INFO] ThirdParty:967 - CMSIS Pack Vendor :STMicroelectronics X-CUBE-AZRTOS-L4 1.0.0
2022-11-05 09:06:23,433 [INFO] ThirdParty:967 - CMSIS Pack Vendor :wolfSSL I-CUBE-wolfSSL 5.5.0
2022-11-05 09:06:23,433 [INFO] ThirdParty:967 - CMSIS Pack Vendor :STMicroelectronics HAL Drivers 0.0.0
2022-11-05 09:06:23,433 [INFO] ThirdParty:967 - CMSIS Pack Vendor :STMicroelectronics MBEDTLS 2.16.2
2022-11-05 09:06:23,433 [INFO] ThirdParty:967 - CMSIS Pack Vendor :emotas I-CUBE-CANOPEN 1.1.2
2022-11-05 09:06:23,433 [INFO] ThirdParty:967 - CMSIS Pack Vendor :STMicroelectronics X-CUBE-TOUCHGFX 4.20.0
2022-11-05 09:06:23,433 [INFO] ThirdParty:967 - CMSIS Pack Vendor :STMicroelectronics MBEDTLS 2.14.1
2022-11-05 09:06:23,433 [INFO] ThirdParty:967 - CMSIS Pack Vendor :STMicroelectronics X-CUBE-NFC7 1.0.0
2022-11-05 09:06:23,433 [INFO] ThirdParty:967 - CMSIS Pack Vendor :STMicroelectronics X-CUBE-AZRTOS-WL 1.0.0
2022-11-05 09:06:23,433 [INFO] ThirdParty:967 - CMSIS Pack Vendor :STMicroelectronics X-CUBE-MEMS1 9.3.0
2022-11-05 09:06:23,433 [INFO] ThirdParty:967 - CMSIS Pack Vendor :portGmbH I-Cube-SoM-uGOAL 1.1.0
2022-11-05 09:06:23,433 [INFO] ThirdParty:967 - CMSIS Pack Vendor :STMicroelectronics X-CUBE-ALS 1.0.1
2022-11-05 09:06:23,433 [INFO] ThirdParty:967 - CMSIS Pack Vendor :STMicroelectronics X-CUBE-AI 7.2.0
2022-11-05 09:06:23,433 [INFO] ThirdParty:967 - CMSIS Pack Vendor :STMicroelectronics X-CUBE-AZRTOS-L5 1.0.0
2022-11-05 09:06:23,433 [INFO] ThirdParty:967 - CMSIS Pack Vendor :STMicroelectronics USB_DEVICE 1.0.0
2022-11-05 09:06:23,433 [INFO] ThirdParty:967 - CMSIS Pack Vendor :STMicroelectronics X-CUBE-EEPRMA1 3.1.1
2022-11-05 09:06:23,433 [INFO] ThirdParty:967 - CMSIS Pack Vendor :STMicroelectronics ThreadX 0.0.2
2022-11-05 09:06:23,433 [INFO] ThirdParty:967 - CMSIS Pack Vendor :STMicroelectronics lwIP 2.1.2
2022-11-05 09:06:23,433 [INFO] ThirdParty:967 - CMSIS Pack Vendor :STMicroelectronics X-CUBE-SFXS2LP1 4.0.0
2022-11-05 09:06:23,433 [INFO] ThirdParty:967 - CMSIS Pack Vendor :STMicroelectronics X-CUBE-BLE2 3.3.0
2022-11-05 09:06:23,449 [INFO] ThirdParty:967 - CMSIS Pack Vendor :STMicroelectronics X-CUBE-DISPLAY 2.2.0
2022-11-05 09:06:23,449 [INFO] ThirdParty:967 - CMSIS Pack Vendor :STMicroelectronics X-CUBE-TOF1 3.2.0
2022-11-05 09:06:23,449 [INFO] ThirdParty:967 - CMSIS Pack Vendor :STMicroelectronics PDM2PCM 3.2.0
2022-11-05 09:06:23,449 [INFO] ThirdParty:967 - CMSIS Pack Vendor :STMicroelectronics X-CUBE-ISPU 1.0.0
2022-11-05 09:06:23,449 [INFO] ThirdParty:787 - exiting critical section [change project]
2022-11-05 09:06:24,498 [INFO] PinOutPanel:1463 - setPackage(No Configuration,No Configuration)
2022-11-05 09:06:24,500 [INFO] PinOutPanel:1463 - setPackage(STM32F103C6Ux,UFQFPN48)
2022-11-05 09:06:27,440 [INFO] UtilMem:74 - Before build in PCC Used Memory: 476709960 Bytes (649068544)
2022-11-05 09:06:29,157 [INFO] UtilMem:74 - After build in PCC Used Memory: 558429696 Bytes (649068544)
2022-11-05 09:06:29,210 [INFO] IPUIPlugin:74 - create IPUIPlugin
2022-11-05 09:06:29,210 [INFO] IPUIPlugin:74 - create IPUIPlugin
2022-11-05 09:06:29,210 [INFO] IPUIPlugin:74 - create IPUIPlugin
2022-11-05 09:06:29,211 [INFO] IPUIPlugin:74 - create IPUIPlugin
2022-11-05 09:06:29,211 [INFO] IPUIPlugin:74 - create IPUIPlugin
2022-11-05 09:06:29,211 [INFO] IPUIPlugin:74 - create IPUIPlugin
2022-11-05 09:06:29,211 [INFO] IPUIPlugin:74 - create IPUIPlugin
2022-11-05 09:06:29,211 [INFO] IPUIPlugin:74 - create IPUIPlugin
2022-11-05 09:06:29,212 [INFO] IPUIPlugin:74 - create IPUIPlugin
2022-11-05 09:06:29,212 [INFO] IPUIPlugin:74 - create IPUIPlugin
2022-11-05 09:06:29,212 [INFO] IPUIPlugin:74 - create IPUIPlugin
2022-11-05 09:06:29,212 [INFO] IPUIPlugin:74 - create IPUIPlugin
2022-11-05 09:06:29,213 [INFO] IPUIPlugin:74 - create IPUIPlugin
2022-11-05 09:06:29,213 [INFO] IPUIPlugin:74 - create IPUIPlugin
2022-11-05 09:06:29,213 [INFO] IPUIPlugin:74 - create IPUIPlugin
2022-11-05 09:06:29,214 [INFO] IPUIPlugin:74 - create IPUIPlugin
2022-11-05 09:06:29,214 [INFO] IPUIPlugin:74 - create IPUIPlugin
2022-11-05 09:06:29,214 [INFO] IPUIPlugin:74 - create IPUIPlugin
2022-11-05 09:06:29,214 [INFO] IPUIPlugin:74 - create IPUIPlugin
2022-11-05 09:06:29,215 [INFO] IPUIPlugin:74 - create IPUIPlugin
2022-11-05 09:06:29,215 [INFO] IPUIPlugin:74 - create IPUIPlugin
2022-11-05 09:06:29,216 [INFO] IPUIPlugin:74 - create IPUIPlugin
2022-11-05 09:06:29,216 [INFO] IPUIPlugin:74 - create IPUIPlugin
2022-11-05 09:06:29,423 [INFO] OpenFileManager:333 - Restore cursor
2022-11-05 09:06:29,714 [INFO] UtilMem:74 - End SaveConfig() Used Memory: 531245616 Bytes (649068544)
2022-11-05 09:06:29,802 [INFO] UtilMem:74 - End SaveConfig() Used Memory: 545399512 Bytes (649068544)
2022-11-05 09:06:30,774 [INFO] BlockDiagram:2740 - set Specific Code input for plugin: NVIC
2022-11-05 09:06:30,774 [INFO] BlockDiagram:2740 - set Specific Code input for plugin: SYS
2022-11-05 09:06:30,774 [INFO] BlockDiagram:2740 - set Specific Code input for plugin: RCC
2022-11-05 09:06:30,781 [INFO] CodeGenerator:663 - code generatio: config db path: C:\ST\STM32CubeIDE_1.7.0\STM32CubeIDE\plugins\com.st.stm32cube.common.mx_6.3.0.202107141111\\db\
2022-11-05 09:06:31,699 [INFO] CodeEngine:239 - oldGeneratedFile, C:\Users\NGUYEN THANH QUI\Desktop\Midterm\midterm\MXTmpFiles\license.tmp_save
2022-11-05 09:06:32,697 [INFO] CodeEngine:257 - Generated code: C:\Users\NGUYEN THANH QUI\Desktop\Midterm\midterm\MXTmpFiles\license.tmp
2022-11-05 09:06:33,626 [INFO] CodeEngine:239 - oldGeneratedFile, C:\Users\NGUYEN THANH QUI\Desktop\Midterm\midterm\Core\Src\stm32f1xx_it.c_save
2022-11-05 09:06:33,886 [INFO] CodeEngine:257 - Generated code: C:\Users\NGUYEN THANH QUI\Desktop\Midterm\midterm\Core\Src\stm32f1xx_it.c
2022-11-05 09:06:33,890 [INFO] CodeEngine:239 - oldGeneratedFile, C:\Users\NGUYEN THANH QUI\Desktop\Midterm\midterm\Core\Inc\stm32f1xx_it.h_save
2022-11-05 09:06:34,082 [INFO] CodeEngine:257 - Generated code: C:\Users\NGUYEN THANH QUI\Desktop\Midterm\midterm\Core\Inc\stm32f1xx_it.h
2022-11-05 09:06:34,181 [INFO] CodeEngine:239 - oldGeneratedFile, C:\Users\NGUYEN THANH QUI\Desktop\Midterm\midterm\Core\Src\stm32f1xx_hal_msp.c_save
2022-11-05 09:06:34,393 [INFO] CodeEngine:257 - Generated code: C:\Users\NGUYEN THANH QUI\Desktop\Midterm\midterm\Core\Src\stm32f1xx_hal_msp.c
2022-11-05 09:06:34,453 [INFO] CodeEngine:239 - oldGeneratedFile, C:\Users\NGUYEN THANH QUI\Desktop\Midterm\midterm\MXTmpFiles\system.tmp_save
2022-11-05 09:06:34,763 [INFO] CodeEngine:257 - Generated code: C:\Users\NGUYEN THANH QUI\Desktop\Midterm\midterm\MXTmpFiles\system.tmp
2022-11-05 09:06:35,211 [INFO] CodeEngine:239 - oldGeneratedFile, C:\Users\NGUYEN THANH QUI\Desktop\Midterm\midterm\Core\Inc\stm32f1xx_hal_conf.h_save
2022-11-05 09:06:35,493 [INFO] CodeEngine:257 - Generated code: C:\Users\NGUYEN THANH QUI\Desktop\Midterm\midterm\Core\Inc\stm32f1xx_hal_conf.h
2022-11-05 09:06:35,560 [INFO] CodeEngine:239 - oldGeneratedFile, C:\Users\NGUYEN THANH QUI\Desktop\Midterm\midterm\Core\Inc\main.h_save
2022-11-05 09:06:35,690 [INFO] CodeEngine:257 - Generated code: C:\Users\NGUYEN THANH QUI\Desktop\Midterm\midterm\Core\Inc\main.h
2022-11-05 09:06:35,694 [INFO] CodeEngine:239 - oldGeneratedFile, C:\Users\NGUYEN THANH QUI\Desktop\Midterm\midterm\Core\Src\main.c_save
2022-11-05 09:06:36,810 [INFO] CodeEngine:257 - Generated code: C:\Users\NGUYEN THANH QUI\Desktop\Midterm\midterm\Core\Src\main.c
2022-11-05 09:06:40,748 [INFO] ProjectBuilder:2578 - Time for Copy HAL[1] : 237mS.
2022-11-05 09:06:40,757 [INFO] ProjectBuilder:3622 - Project Generator version: 3.14.1
2022-11-05 09:06:42,219 [INFO] ConfigFileManager:1271 - The Die is : DIE412
2022-11-05 09:06:42,248 [INFO] ApiDbMcu:468 - Load IP Config File for FATFS
2022-11-05 09:06:42,413 [INFO] ApiDbMcu:468 - Load IP Config File for FREERTOS
2022-11-05 09:06:42,519 [INFO] ApiDbMcu:468 - Load IP Config File for USB_DEVICE
2022-11-05 09:06:52,619 [INFO] ProjectBuilder:3789 - Time for Generating toolchain IDE Files: 11862mS.
2022-11-05 09:06:52,620 [INFO] ProjectBuilder:2457 - Time for Copy CMSIS : 1mS.
2022-11-05 09:06:52,625 [INFO] ProjectBuilder:2457 - Time for Copy CMSIS : 0mS.
2022-11-05 09:06:55,747 [INFO] McuFinderGlobals:52 - Set McuFinderConnectedMode to true
2022-11-05 09:06:55,750 [INFO] ApiDb:276 - Save user favorites file C:\Users\NGUYEN THANH QUI/.stm32cubeide/favorites.mcus.txt: 0 item(s)
2022-11-05 09:06:55,750 [INFO] ApiDb:280 - User favorites MCUs=[]
2022-11-05 09:12:57,163 [INFO] UtilMem:74 - End SaveConfig() Used Memory: 636068800 Bytes (987758592)
2022-11-05 09:12:58,732 [INFO] UtilMem:74 - End SaveConfig() Used Memory: 662552208 Bytes (987758592)
2022-11-05 09:13:04,050 [INFO] UtilMem:74 - End SaveConfig() Used Memory: 855490184 Bytes (987758592)
2022-11-05 09:13:04,409 [INFO] BlockDiagram:2740 - set Specific Code input for plugin: NVIC
2022-11-05 09:13:04,409 [INFO] BlockDiagram:2740 - set Specific Code input for plugin: SYS
2022-11-05 09:13:04,409 [INFO] BlockDiagram:2740 - set Specific Code input for plugin: GPIO
2022-11-05 09:13:04,409 [INFO] BlockDiagram:2740 - set Specific Code input for plugin: RCC
2022-11-05 09:13:04,409 [INFO] CodeGenerator:663 - code generatio: config db path: C:\ST\STM32CubeIDE_1.7.0\STM32CubeIDE\plugins\com.st.stm32cube.common.mx_6.3.0.202107141111\\db\
2022-11-05 09:13:04,680 [INFO] CodeEngine:239 - oldGeneratedFile, C:\Users\NGUYEN THANH QUI\Desktop\Midterm\midterm\MXTmpFiles\license.tmp_save
2022-11-05 09:13:04,738 [INFO] CodeEngine:257 - Generated code: C:\Users\NGUYEN THANH QUI\Desktop\Midterm\midterm\MXTmpFiles\license.tmp
2022-11-05 09:13:04,786 [INFO] CodeEngine:239 - oldGeneratedFile, C:\Users\NGUYEN THANH QUI\Desktop\Midterm\midterm\MXTmpFiles\gpio.tmp_save
2022-11-05 09:13:04,849 [INFO] CodeEngine:257 - Generated code: C:\Users\NGUYEN THANH QUI\Desktop\Midterm\midterm\MXTmpFiles\gpio.tmp
2022-11-05 09:13:04,880 [INFO] CodeEngine:239 - oldGeneratedFile, C:\Users\NGUYEN THANH QUI\Desktop\Midterm\midterm\Core\Src\stm32f1xx_it.c_save
2022-11-05 09:13:05,118 [INFO] CodeEngine:257 - Generated code: C:\Users\NGUYEN THANH QUI\Desktop\Midterm\midterm\Core\Src\stm32f1xx_it.c
2022-11-05 09:13:05,122 [INFO] CodeEngine:239 - oldGeneratedFile, C:\Users\NGUYEN THANH QUI\Desktop\Midterm\midterm\Core\Inc\stm32f1xx_it.h_save
2022-11-05 09:13:05,185 [INFO] CodeEngine:257 - Generated code: C:\Users\NGUYEN THANH QUI\Desktop\Midterm\midterm\Core\Inc\stm32f1xx_it.h
2022-11-05 09:13:05,200 [INFO] CodeEngine:239 - oldGeneratedFile, C:\Users\NGUYEN THANH QUI\Desktop\Midterm\midterm\Core\Src\stm32f1xx_hal_msp.c_save
2022-11-05 09:13:05,310 [INFO] CodeEngine:257 - Generated code: C:\Users\NGUYEN THANH QUI\Desktop\Midterm\midterm\Core\Src\stm32f1xx_hal_msp.c
2022-11-05 09:13:05,315 [INFO] CodeEngine:239 - oldGeneratedFile, C:\Users\NGUYEN THANH QUI\Desktop\Midterm\midterm\MXTmpFiles\system.tmp_save
2022-11-05 09:13:05,370 [INFO] CodeEngine:257 - Generated code: C:\Users\NGUYEN THANH QUI\Desktop\Midterm\midterm\MXTmpFiles\system.tmp
2022-11-05 09:13:05,386 [INFO] CodeEngine:239 - oldGeneratedFile, C:\Users\NGUYEN THANH QUI\Desktop\Midterm\midterm\Core\Inc\stm32f1xx_hal_conf.h_save
2022-11-05 09:13:05,449 [INFO] CodeEngine:257 - Generated code: C:\Users\NGUYEN THANH QUI\Desktop\Midterm\midterm\Core\Inc\stm32f1xx_hal_conf.h
2022-11-05 09:13:05,480 [INFO] CodeEngine:239 - oldGeneratedFile, C:\Users\NGUYEN THANH QUI\Desktop\Midterm\midterm\Core\Inc\main.h_save
2022-11-05 09:13:05,558 [INFO] CodeEngine:257 - Generated code: C:\Users\NGUYEN THANH QUI\Desktop\Midterm\midterm\Core\Inc\main.h
2022-11-05 09:13:05,574 [INFO] CodeEngine:239 - oldGeneratedFile, C:\Users\NGUYEN THANH QUI\Desktop\Midterm\midterm\Core\Src\main.c_save
2022-11-05 09:13:05,761 [INFO] CodeEngine:257 - Generated code: C:\Users\NGUYEN THANH QUI\Desktop\Midterm\midterm\Core\Src\main.c
2022-11-05 09:13:07,136 [INFO] ProjectBuilder:2578 - Time for Copy HAL[1] : 156mS.
2022-11-05 09:13:07,136 [INFO] ProjectBuilder:3622 - Project Generator version: 3.14.1
2022-11-05 09:13:07,698 [INFO] ConfigFileManager:1271 - The Die is : DIE412
2022-11-05 09:13:11,513 [INFO] ProjectBuilder:3789 - Time for Generating toolchain IDE Files: 4377mS.
2022-11-05 09:13:13,041 [INFO] ProjectBuilder:2457 - Time for Copy CMSIS : 1527mS.
2022-11-05 09:13:13,045 [INFO] ProjectBuilder:2457 - Time for Copy CMSIS : 0mS.
2022-11-05 09:15:41,394 [INFO] NvicIntPanel:96 - NVIC parent = com.st.microxplorer.plugins.ip.nvic.MultiNvicIntPanel[,0,0,450x201,layout=javax.swing.BoxLayout,alignmentX=0.0,alignmentY=0.0,border=,flags=9,maximumSize=,minimumSize=,preferredSize=]
2022-11-05 09:15:45,774 [INFO] UtilMem:74 - End SaveConfig() Used Memory: 640940104 Bytes (1065353216)
2022-11-05 09:15:47,188 [INFO] UtilMem:74 - End SaveConfig() Used Memory: 663267112 Bytes (1065353216)
2022-11-05 09:15:58,361 [INFO] UtilMem:74 - End SaveConfig() Used Memory: 716744616 Bytes (1065353216)
2022-11-05 09:15:58,674 [INFO] BlockDiagram:2740 - set Specific Code input for plugin: NVIC
2022-11-05 09:15:58,674 [INFO] BlockDiagram:2740 - set Specific Code input for plugin: SYS
2022-11-05 09:15:58,674 [INFO] BlockDiagram:2740 - set Specific Code input for plugin: GPIO
2022-11-05 09:15:58,674 [INFO] BlockDiagram:2740 - set Specific Code input for plugin: RCC
2022-11-05 09:15:58,674 [INFO] BlockDiagram:2740 - set Specific Code input for plugin: TIM1_8F1
2022-11-05 09:15:58,689 [INFO] CodeGenerator:663 - code generatio: config db path: C:\ST\STM32CubeIDE_1.7.0\STM32CubeIDE\plugins\com.st.stm32cube.common.mx_6.3.0.202107141111\\db\
2022-11-05 09:15:59,142 [INFO] CodeEngine:239 - oldGeneratedFile, C:\Users\NGUYEN THANH QUI\Desktop\Midterm\midterm\MXTmpFiles\license.tmp_save
2022-11-05 09:15:59,205 [INFO] CodeEngine:257 - Generated code: C:\Users\NGUYEN THANH QUI\Desktop\Midterm\midterm\MXTmpFiles\license.tmp
2022-11-05 09:15:59,252 [INFO] CodeEngine:239 - oldGeneratedFile, C:\Users\NGUYEN THANH QUI\Desktop\Midterm\midterm\MXTmpFiles\gpio.tmp_save
2022-11-05 09:15:59,330 [INFO] CodeEngine:257 - Generated code: C:\Users\NGUYEN THANH QUI\Desktop\Midterm\midterm\MXTmpFiles\gpio.tmp
2022-11-05 09:15:59,555 [INFO] CodeEngine:239 - oldGeneratedFile, C:\Users\NGUYEN THANH QUI\Desktop\Midterm\midterm\Core\Src\stm32f1xx_it.c_save
2022-11-05 09:15:59,684 [INFO] CodeEngine:257 - Generated code: C:\Users\NGUYEN THANH QUI\Desktop\Midterm\midterm\Core\Src\stm32f1xx_it.c
2022-11-05 09:15:59,691 [INFO] CodeEngine:239 - oldGeneratedFile, C:\Users\NGUYEN THANH QUI\Desktop\Midterm\midterm\Core\Inc\stm32f1xx_it.h_save
2022-11-05 09:15:59,822 [INFO] CodeEngine:257 - Generated code: C:\Users\NGUYEN THANH QUI\Desktop\Midterm\midterm\Core\Inc\stm32f1xx_it.h
2022-11-05 09:15:59,837 [INFO] CodeEngine:239 - oldGeneratedFile, C:\Users\NGUYEN THANH QUI\Desktop\Midterm\midterm\Core\Src\stm32f1xx_hal_msp.c_save
2022-11-05 09:15:59,989 [INFO] CodeEngine:257 - Generated code: C:\Users\NGUYEN THANH QUI\Desktop\Midterm\midterm\Core\Src\stm32f1xx_hal_msp.c
2022-11-05 09:16:00,005 [INFO] CodeEngine:239 - oldGeneratedFile, C:\Users\NGUYEN THANH QUI\Desktop\Midterm\midterm\MXTmpFiles\system.tmp_save
2022-11-05 09:16:00,052 [INFO] CodeEngine:257 - Generated code: C:\Users\NGUYEN THANH QUI\Desktop\Midterm\midterm\MXTmpFiles\system.tmp
2022-11-05 09:16:00,083 [INFO] CodeEngine:239 - oldGeneratedFile, C:\Users\NGUYEN THANH QUI\Desktop\Midterm\midterm\Core\Inc\stm32f1xx_hal_conf.h_save
2022-11-05 09:16:00,210 [INFO] CodeEngine:257 - Generated code: C:\Users\NGUYEN THANH QUI\Desktop\Midterm\midterm\Core\Inc\stm32f1xx_hal_conf.h
2022-11-05 09:16:00,224 [WARN] IPConfigManager:3148 - IP not found : TIM
2022-11-05 09:16:00,225 [WARN] CodeGenerator:3268 - IP not found : null
2022-11-05 09:16:00,247 [INFO] CodeEngine:239 - oldGeneratedFile, C:\Users\NGUYEN THANH QUI\Desktop\Midterm\midterm\Core\Inc\main.h_save
2022-11-05 09:16:00,331 [INFO] CodeEngine:257 - Generated code: C:\Users\NGUYEN THANH QUI\Desktop\Midterm\midterm\Core\Inc\main.h
2022-11-05 09:16:00,338 [INFO] CodeEngine:239 - oldGeneratedFile, C:\Users\NGUYEN THANH QUI\Desktop\Midterm\midterm\Core\Src\main.c_save
2022-11-05 09:16:00,491 [INFO] CodeEngine:257 - Generated code: C:\Users\NGUYEN THANH QUI\Desktop\Midterm\midterm\Core\Src\main.c
2022-11-05 09:16:01,561 [INFO] ProjectBuilder:2578 - Time for Copy HAL[1] : 132mS.
2022-11-05 09:16:01,567 [INFO] ProjectBuilder:3622 - Project Generator version: 3.14.1
2022-11-05 09:16:02,509 [INFO] ConfigFileManager:1271 - The Die is : DIE412
2022-11-05 09:16:06,635 [INFO] ProjectBuilder:3789 - Time for Generating toolchain IDE Files: 5068mS.
2022-11-05 09:16:06,636 [INFO] ProjectBuilder:2457 - Time for Copy CMSIS : 1mS.
2022-11-05 09:16:06,640 [INFO] ProjectBuilder:2457 - Time for Copy CMSIS : 0mS.
2022-11-05 09:34:41,467 [INFO] UtilMem:74 - End SaveConfig() Used Memory: 699828792 Bytes (1073741824)
2022-11-05 09:34:44,108 [INFO] UtilMem:74 - End SaveConfig() Used Memory: 725520952 Bytes (1073741824)
2022-11-05 09:34:47,127 [INFO] UtilMem:74 - End SaveConfig() Used Memory: 699863496 Bytes (1073741824)
2022-11-05 09:34:47,517 [INFO] BlockDiagram:2740 - set Specific Code input for plugin: NVIC
2022-11-05 09:34:47,517 [INFO] BlockDiagram:2740 - set Specific Code input for plugin: SYS
2022-11-05 09:34:47,517 [INFO] BlockDiagram:2740 - set Specific Code input for plugin: GPIO
2022-11-05 09:34:47,517 [INFO] BlockDiagram:2740 - set Specific Code input for plugin: RCC
2022-11-05 09:34:47,517 [INFO] BlockDiagram:2740 - set Specific Code input for plugin: TIM1_8F1
2022-11-05 09:34:47,517 [INFO] CodeGenerator:663 - code generatio: config db path: C:\ST\STM32CubeIDE_1.7.0\STM32CubeIDE\plugins\com.st.stm32cube.common.mx_6.3.0.202107141111\\db\
2022-11-05 09:34:47,876 [INFO] CodeEngine:239 - oldGeneratedFile, C:\Users\NGUYEN THANH QUI\Desktop\Midterm\midterm\MXTmpFiles\license.tmp_save
2022-11-05 09:34:47,939 [INFO] CodeEngine:257 - Generated code: C:\Users\NGUYEN THANH QUI\Desktop\Midterm\midterm\MXTmpFiles\license.tmp
2022-11-05 09:34:47,970 [INFO] CodeEngine:239 - oldGeneratedFile, C:\Users\NGUYEN THANH QUI\Desktop\Midterm\midterm\MXTmpFiles\gpio.tmp_save
2022-11-05 09:34:48,033 [INFO] CodeEngine:257 - Generated code: C:\Users\NGUYEN THANH QUI\Desktop\Midterm\midterm\MXTmpFiles\gpio.tmp
2022-11-05 09:34:48,142 [INFO] CodeEngine:239 - oldGeneratedFile, C:\Users\NGUYEN THANH QUI\Desktop\Midterm\midterm\Core\Src\stm32f1xx_it.c_save
2022-11-05 09:34:48,517 [INFO] CodeEngine:257 - Generated code: C:\Users\NGUYEN THANH QUI\Desktop\Midterm\midterm\Core\Src\stm32f1xx_it.c
2022-11-05 09:34:48,517 [INFO] CodeEngine:239 - oldGeneratedFile, C:\Users\NGUYEN THANH QUI\Desktop\Midterm\midterm\Core\Inc\stm32f1xx_it.h_save
2022-11-05 09:34:48,595 [INFO] CodeEngine:257 - Generated code: C:\Users\NGUYEN THANH QUI\Desktop\Midterm\midterm\Core\Inc\stm32f1xx_it.h
2022-11-05 09:34:48,611 [INFO] CodeEngine:239 - oldGeneratedFile, C:\Users\NGUYEN THANH QUI\Desktop\Midterm\midterm\Core\Src\stm32f1xx_hal_msp.c_save
2022-11-05 09:34:48,704 [INFO] CodeEngine:257 - Generated code: C:\Users\NGUYEN THANH QUI\Desktop\Midterm\midterm\Core\Src\stm32f1xx_hal_msp.c
2022-11-05 09:34:48,720 [INFO] CodeEngine:239 - oldGeneratedFile, C:\Users\NGUYEN THANH QUI\Desktop\Midterm\midterm\MXTmpFiles\system.tmp_save
2022-11-05 09:34:48,767 [INFO] CodeEngine:257 - Generated code: C:\Users\NGUYEN THANH QUI\Desktop\Midterm\midterm\MXTmpFiles\system.tmp
2022-11-05 09:34:48,798 [INFO] CodeEngine:239 - oldGeneratedFile, C:\Users\NGUYEN THANH QUI\Desktop\Midterm\midterm\Core\Inc\stm32f1xx_hal_conf.h_save
2022-11-05 09:34:48,876 [INFO] CodeEngine:257 - Generated code: C:\Users\NGUYEN THANH QUI\Desktop\Midterm\midterm\Core\Inc\stm32f1xx_hal_conf.h
2022-11-05 09:34:48,892 [WARN] IPConfigManager:3148 - IP not found : TIM
2022-11-05 09:34:48,892 [WARN] CodeGenerator:3268 - IP not found : null
2022-11-05 09:34:48,908 [INFO] CodeEngine:239 - oldGeneratedFile, C:\Users\NGUYEN THANH QUI\Desktop\Midterm\midterm\Core\Inc\main.h_save
2022-11-05 09:34:48,986 [INFO] CodeEngine:257 - Generated code: C:\Users\NGUYEN THANH QUI\Desktop\Midterm\midterm\Core\Inc\main.h
2022-11-05 09:34:48,986 [INFO] CodeEngine:239 - oldGeneratedFile, C:\Users\NGUYEN THANH QUI\Desktop\Midterm\midterm\Core\Src\main.c_save
2022-11-05 09:34:49,126 [INFO] CodeEngine:257 - Generated code: C:\Users\NGUYEN THANH QUI\Desktop\Midterm\midterm\Core\Src\main.c
2022-11-05 09:34:50,220 [INFO] ProjectBuilder:2578 - Time for Copy HAL[1] : 109mS.
2022-11-05 09:34:50,236 [INFO] ProjectBuilder:3622 - Project Generator version: 3.14.1
2022-11-05 09:34:51,032 [INFO] ConfigFileManager:1271 - The Die is : DIE412
2022-11-05 09:34:54,626 [INFO] ProjectBuilder:3789 - Time for Generating toolchain IDE Files: 4390mS.
2022-11-05 09:34:54,626 [INFO] ProjectBuilder:2457 - Time for Copy CMSIS : 0mS.
2022-11-05 09:34:54,626 [INFO] ProjectBuilder:2457 - Time for Copy CMSIS : 0mS.
2022-11-05 09:51:11,990 [INFO] UtilMem:74 - End SaveConfig() Used Memory: 767182288 Bytes (1073741824)
2022-11-05 09:51:13,420 [INFO] UtilMem:74 - End SaveConfig() Used Memory: 786710904 Bytes (1073741824)
2022-11-05 09:51:14,948 [INFO] UtilMem:74 - End SaveConfig() Used Memory: 880428496 Bytes (1073741824)
2022-11-05 09:51:15,370 [INFO] BlockDiagram:2740 - set Specific Code input for plugin: NVIC
2022-11-05 09:51:15,370 [INFO] BlockDiagram:2740 - set Specific Code input for plugin: SYS
2022-11-05 09:51:15,370 [INFO] BlockDiagram:2740 - set Specific Code input for plugin: GPIO
2022-11-05 09:51:15,370 [INFO] BlockDiagram:2740 - set Specific Code input for plugin: RCC
2022-11-05 09:51:15,370 [INFO] BlockDiagram:2740 - set Specific Code input for plugin: TIM1_8F1
2022-11-05 09:51:15,370 [INFO] CodeGenerator:663 - code generatio: config db path: C:\ST\STM32CubeIDE_1.7.0\STM32CubeIDE\plugins\com.st.stm32cube.common.mx_6.3.0.202107141111\\db\
2022-11-05 09:51:15,744 [INFO] CodeEngine:239 - oldGeneratedFile, C:\Users\NGUYEN THANH QUI\Desktop\Midterm\midterm\MXTmpFiles\license.tmp_save
2022-11-05 09:51:15,807 [INFO] CodeEngine:257 - Generated code: C:\Users\NGUYEN THANH QUI\Desktop\Midterm\midterm\MXTmpFiles\license.tmp
2022-11-05 09:51:15,838 [INFO] CodeEngine:239 - oldGeneratedFile, C:\Users\NGUYEN THANH QUI\Desktop\Midterm\midterm\MXTmpFiles\gpio.tmp_save
2022-11-05 09:51:15,916 [INFO] CodeEngine:257 - Generated code: C:\Users\NGUYEN THANH QUI\Desktop\Midterm\midterm\MXTmpFiles\gpio.tmp
2022-11-05 09:51:16,026 [INFO] CodeEngine:239 - oldGeneratedFile, C:\Users\NGUYEN THANH QUI\Desktop\Midterm\midterm\Core\Src\stm32f1xx_it.c_save
2022-11-05 09:51:16,119 [INFO] CodeEngine:257 - Generated code: C:\Users\NGUYEN THANH QUI\Desktop\Midterm\midterm\Core\Src\stm32f1xx_it.c
2022-11-05 09:51:16,119 [INFO] CodeEngine:239 - oldGeneratedFile, C:\Users\NGUYEN THANH QUI\Desktop\Midterm\midterm\Core\Inc\stm32f1xx_it.h_save
2022-11-05 09:51:16,401 [INFO] CodeEngine:257 - Generated code: C:\Users\NGUYEN THANH QUI\Desktop\Midterm\midterm\Core\Inc\stm32f1xx_it.h
2022-11-05 09:51:16,416 [INFO] CodeEngine:239 - oldGeneratedFile, C:\Users\NGUYEN THANH QUI\Desktop\Midterm\midterm\Core\Src\stm32f1xx_hal_msp.c_save
2022-11-05 09:51:16,635 [INFO] CodeEngine:257 - Generated code: C:\Users\NGUYEN THANH QUI\Desktop\Midterm\midterm\Core\Src\stm32f1xx_hal_msp.c
2022-11-05 09:51:16,635 [INFO] CodeEngine:239 - oldGeneratedFile, C:\Users\NGUYEN THANH QUI\Desktop\Midterm\midterm\MXTmpFiles\system.tmp_save
2022-11-05 09:51:16,713 [INFO] CodeEngine:257 - Generated code: C:\Users\NGUYEN THANH QUI\Desktop\Midterm\midterm\MXTmpFiles\system.tmp
2022-11-05 09:51:16,729 [INFO] CodeEngine:239 - oldGeneratedFile, C:\Users\NGUYEN THANH QUI\Desktop\Midterm\midterm\Core\Inc\stm32f1xx_hal_conf.h_save
2022-11-05 09:51:16,807 [INFO] CodeEngine:257 - Generated code: C:\Users\NGUYEN THANH QUI\Desktop\Midterm\midterm\Core\Inc\stm32f1xx_hal_conf.h
2022-11-05 09:51:16,822 [WARN] IPConfigManager:3148 - IP not found : TIM
2022-11-05 09:51:16,822 [WARN] CodeGenerator:3268 - IP not found : null
2022-11-05 09:51:16,838 [INFO] CodeEngine:239 - oldGeneratedFile, C:\Users\NGUYEN THANH QUI\Desktop\Midterm\midterm\Core\Inc\main.h_save
2022-11-05 09:51:16,916 [INFO] CodeEngine:257 - Generated code: C:\Users\NGUYEN THANH QUI\Desktop\Midterm\midterm\Core\Inc\main.h
2022-11-05 09:51:16,916 [INFO] CodeEngine:239 - oldGeneratedFile, C:\Users\NGUYEN THANH QUI\Desktop\Midterm\midterm\Core\Src\main.c_save
2022-11-05 09:51:17,057 [INFO] CodeEngine:257 - Generated code: C:\Users\NGUYEN THANH QUI\Desktop\Midterm\midterm\Core\Src\main.c
2022-11-05 09:51:18,119 [INFO] ProjectBuilder:2578 - Time for Copy HAL[1] : 109mS.
2022-11-05 09:51:18,135 [INFO] ProjectBuilder:3622 - Project Generator version: 3.14.1
2022-11-05 09:51:18,791 [INFO] ConfigFileManager:1271 - The Die is : DIE412
2022-11-05 09:51:21,634 [INFO] ProjectBuilder:3789 - Time for Generating toolchain IDE Files: 3499mS.
2022-11-05 09:51:21,634 [INFO] ProjectBuilder:2457 - Time for Copy CMSIS : 0mS.
2022-11-05 09:51:21,634 [INFO] ProjectBuilder:2457 - Time for Copy CMSIS : 0mS.
2022-11-05 10:58:46,705 [INFO] Gpio:254 - dependency for GPIO []
2022-11-05 10:59:02,666 [INFO] UtilMem:74 - End SaveConfig() Used Memory: 853852144 Bytes (1073741824)
2022-11-05 10:59:03,775 [INFO] UtilMem:74 - End SaveConfig() Used Memory: 884956680 Bytes (1073741824)
2022-11-05 10:59:05,698 [INFO] UtilMem:74 - End SaveConfig() Used Memory: 683133392 Bytes (1073741824)
2022-11-05 10:59:06,073 [INFO] BlockDiagram:2740 - set Specific Code input for plugin: NVIC
2022-11-05 10:59:06,073 [INFO] BlockDiagram:2740 - set Specific Code input for plugin: SYS
2022-11-05 10:59:06,073 [INFO] BlockDiagram:2740 - set Specific Code input for plugin: GPIO
2022-11-05 10:59:06,073 [INFO] BlockDiagram:2740 - set Specific Code input for plugin: RCC
2022-11-05 10:59:06,073 [INFO] BlockDiagram:2740 - set Specific Code input for plugin: TIM1_8F1
2022-11-05 10:59:06,073 [INFO] CodeGenerator:663 - code generatio: config db path: C:\ST\STM32CubeIDE_1.7.0\STM32CubeIDE\plugins\com.st.stm32cube.common.mx_6.3.0.202107141111\\db\
2022-11-05 10:59:06,432 [INFO] CodeEngine:239 - oldGeneratedFile, C:\Users\NGUYEN THANH QUI\Desktop\Midterm\midterm\MXTmpFiles\license.tmp_save
2022-11-05 10:59:06,495 [INFO] CodeEngine:257 - Generated code: C:\Users\NGUYEN THANH QUI\Desktop\Midterm\midterm\MXTmpFiles\license.tmp
2022-11-05 10:59:06,542 [INFO] CodeEngine:239 - oldGeneratedFile, C:\Users\NGUYEN THANH QUI\Desktop\Midterm\midterm\MXTmpFiles\gpio.tmp_save
2022-11-05 10:59:06,604 [INFO] CodeEngine:257 - Generated code: C:\Users\NGUYEN THANH QUI\Desktop\Midterm\midterm\MXTmpFiles\gpio.tmp
2022-11-05 10:59:06,964 [INFO] CodeEngine:239 - oldGeneratedFile, C:\Users\NGUYEN THANH QUI\Desktop\Midterm\midterm\Core\Src\stm32f1xx_it.c_save
2022-11-05 10:59:07,057 [INFO] CodeEngine:257 - Generated code: C:\Users\NGUYEN THANH QUI\Desktop\Midterm\midterm\Core\Src\stm32f1xx_it.c
2022-11-05 10:59:07,073 [INFO] CodeEngine:239 - oldGeneratedFile, C:\Users\NGUYEN THANH QUI\Desktop\Midterm\midterm\Core\Inc\stm32f1xx_it.h_save
2022-11-05 10:59:07,135 [INFO] CodeEngine:257 - Generated code: C:\Users\NGUYEN THANH QUI\Desktop\Midterm\midterm\Core\Inc\stm32f1xx_it.h
2022-11-05 10:59:07,214 [INFO] CodeEngine:239 - oldGeneratedFile, C:\Users\NGUYEN THANH QUI\Desktop\Midterm\midterm\Core\Src\stm32f1xx_hal_msp.c_save
2022-11-05 10:59:07,339 [INFO] CodeEngine:257 - Generated code: C:\Users\NGUYEN THANH QUI\Desktop\Midterm\midterm\Core\Src\stm32f1xx_hal_msp.c
2022-11-05 10:59:07,354 [INFO] CodeEngine:239 - oldGeneratedFile, C:\Users\NGUYEN THANH QUI\Desktop\Midterm\midterm\MXTmpFiles\system.tmp_save
2022-11-05 10:59:07,432 [INFO] CodeEngine:257 - Generated code: C:\Users\NGUYEN THANH QUI\Desktop\Midterm\midterm\MXTmpFiles\system.tmp
2022-11-05 10:59:07,448 [INFO] CodeEngine:239 - oldGeneratedFile, C:\Users\NGUYEN THANH QUI\Desktop\Midterm\midterm\Core\Inc\stm32f1xx_hal_conf.h_save
2022-11-05 10:59:07,667 [INFO] CodeEngine:257 - Generated code: C:\Users\NGUYEN THANH QUI\Desktop\Midterm\midterm\Core\Inc\stm32f1xx_hal_conf.h
2022-11-05 10:59:07,682 [WARN] IPConfigManager:3148 - IP not found : TIM
2022-11-05 10:59:07,682 [WARN] CodeGenerator:3268 - IP not found : null
2022-11-05 10:59:07,682 [INFO] CodeEngine:239 - oldGeneratedFile, C:\Users\NGUYEN THANH QUI\Desktop\Midterm\midterm\Core\Inc\main.h_save
2022-11-05 10:59:07,776 [INFO] CodeEngine:257 - Generated code: C:\Users\NGUYEN THANH QUI\Desktop\Midterm\midterm\Core\Inc\main.h
2022-11-05 10:59:07,792 [INFO] CodeEngine:239 - oldGeneratedFile, C:\Users\NGUYEN THANH QUI\Desktop\Midterm\midterm\Core\Src\main.c_save
2022-11-05 10:59:07,932 [INFO] CodeEngine:257 - Generated code: C:\Users\NGUYEN THANH QUI\Desktop\Midterm\midterm\Core\Src\main.c
2022-11-05 10:59:09,182 [INFO] ProjectBuilder:2578 - Time for Copy HAL[1] : 156mS.
2022-11-05 10:59:09,198 [INFO] ProjectBuilder:3622 - Project Generator version: 3.14.1
2022-11-05 10:59:09,901 [INFO] ConfigFileManager:1271 - The Die is : DIE412
2022-11-05 10:59:13,564 [INFO] ProjectBuilder:3789 - Time for Generating toolchain IDE Files: 4366mS.
2022-11-05 10:59:14,465 [INFO] ProjectBuilder:2457 - Time for Copy CMSIS : 901mS.
2022-11-05 10:59:14,465 [INFO] ProjectBuilder:2457 - Time for Copy CMSIS : 0mS.
2022-11-05 11:06:34,336 [INFO] UtilMem:74 - End SaveConfig() Used Memory: 691208624 Bytes (1073741824)
2022-11-05 11:06:35,516 [INFO] UtilMem:74 - End SaveConfig() Used Memory: 722814136 Bytes (1073741824)
2022-11-05 11:06:38,557 [INFO] UtilMem:74 - End SaveConfig() Used Memory: 806022160 Bytes (1073741824)
2022-11-05 11:06:39,020 [INFO] BlockDiagram:2740 - set Specific Code input for plugin: NVIC
2022-11-05 11:06:39,020 [INFO] BlockDiagram:2740 - set Specific Code input for plugin: SYS
2022-11-05 11:06:39,020 [INFO] BlockDiagram:2740 - set Specific Code input for plugin: GPIO
2022-11-05 11:06:39,020 [INFO] BlockDiagram:2740 - set Specific Code input for plugin: RCC
2022-11-05 11:06:39,020 [INFO] BlockDiagram:2740 - set Specific Code input for plugin: TIM1_8F1
2022-11-05 11:06:39,020 [INFO] CodeGenerator:663 - code generatio: config db path: C:\ST\STM32CubeIDE_1.7.0\STM32CubeIDE\plugins\com.st.stm32cube.common.mx_6.3.0.202107141111\\db\
2022-11-05 11:06:39,363 [INFO] CodeEngine:239 - oldGeneratedFile, C:\Users\NGUYEN THANH QUI\Desktop\Midterm\midterm\MXTmpFiles\license.tmp_save
2022-11-05 11:06:39,442 [INFO] CodeEngine:257 - Generated code: C:\Users\NGUYEN THANH QUI\Desktop\Midterm\midterm\MXTmpFiles\license.tmp
2022-11-05 11:06:39,488 [INFO] CodeEngine:239 - oldGeneratedFile, C:\Users\NGUYEN THANH QUI\Desktop\Midterm\midterm\MXTmpFiles\gpio.tmp_save
2022-11-05 11:06:39,551 [INFO] CodeEngine:257 - Generated code: C:\Users\NGUYEN THANH QUI\Desktop\Midterm\midterm\MXTmpFiles\gpio.tmp
2022-11-05 11:06:39,848 [INFO] CodeEngine:239 - oldGeneratedFile, C:\Users\NGUYEN THANH QUI\Desktop\Midterm\midterm\Core\Src\stm32f1xx_it.c_save
2022-11-05 11:06:39,942 [INFO] CodeEngine:257 - Generated code: C:\Users\NGUYEN THANH QUI\Desktop\Midterm\midterm\Core\Src\stm32f1xx_it.c
2022-11-05 11:06:39,942 [INFO] CodeEngine:239 - oldGeneratedFile, C:\Users\NGUYEN THANH QUI\Desktop\Midterm\midterm\Core\Inc\stm32f1xx_it.h_save
2022-11-05 11:06:40,020 [INFO] CodeEngine:257 - Generated code: C:\Users\NGUYEN THANH QUI\Desktop\Midterm\midterm\Core\Inc\stm32f1xx_it.h
2022-11-05 11:06:40,035 [INFO] CodeEngine:239 - oldGeneratedFile, C:\Users\NGUYEN THANH QUI\Desktop\Midterm\midterm\Core\Src\stm32f1xx_hal_msp.c_save
2022-11-05 11:06:40,348 [INFO] CodeEngine:257 - Generated code: C:\Users\NGUYEN THANH QUI\Desktop\Midterm\midterm\Core\Src\stm32f1xx_hal_msp.c
2022-11-05 11:06:40,348 [INFO] CodeEngine:239 - oldGeneratedFile, C:\Users\NGUYEN THANH QUI\Desktop\Midterm\midterm\MXTmpFiles\system.tmp_save
2022-11-05 11:06:40,426 [INFO] CodeEngine:257 - Generated code: C:\Users\NGUYEN THANH QUI\Desktop\Midterm\midterm\MXTmpFiles\system.tmp
2022-11-05 11:06:40,442 [INFO] CodeEngine:239 - oldGeneratedFile, C:\Users\NGUYEN THANH QUI\Desktop\Midterm\midterm\Core\Inc\stm32f1xx_hal_conf.h_save
2022-11-05 11:06:40,520 [INFO] CodeEngine:257 - Generated code: C:\Users\NGUYEN THANH QUI\Desktop\Midterm\midterm\Core\Inc\stm32f1xx_hal_conf.h
2022-11-05 11:06:40,535 [WARN] IPConfigManager:3148 - IP not found : TIM
2022-11-05 11:06:40,535 [WARN] CodeGenerator:3268 - IP not found : null
2022-11-05 11:06:40,535 [INFO] CodeEngine:239 - oldGeneratedFile, C:\Users\NGUYEN THANH QUI\Desktop\Midterm\midterm\Core\Inc\main.h_save
2022-11-05 11:06:40,613 [INFO] CodeEngine:257 - Generated code: C:\Users\NGUYEN THANH QUI\Desktop\Midterm\midterm\Core\Inc\main.h
2022-11-05 11:06:40,613 [INFO] CodeEngine:239 - oldGeneratedFile, C:\Users\NGUYEN THANH QUI\Desktop\Midterm\midterm\Core\Src\main.c_save
2022-11-05 11:06:40,754 [INFO] CodeEngine:257 - Generated code: C:\Users\NGUYEN THANH QUI\Desktop\Midterm\midterm\Core\Src\main.c
2022-11-05 11:06:41,910 [INFO] ProjectBuilder:2578 - Time for Copy HAL[1] : 109mS.
2022-11-05 11:06:41,910 [INFO] ProjectBuilder:3622 - Project Generator version: 3.14.1
2022-11-05 11:06:42,754 [INFO] ConfigFileManager:1271 - The Die is : DIE412
2022-11-05 11:06:46,276 [INFO] ProjectBuilder:3789 - Time for Generating toolchain IDE Files: 4366mS.
2022-11-05 11:06:46,619 [INFO] ProjectBuilder:2457 - Time for Copy CMSIS : 343mS.
2022-11-05 11:06:46,619 [INFO] ProjectBuilder:2457 - Time for Copy CMSIS : 0mS.
2022-11-05 11:15:03,431 [INFO] Gpio:254 - dependency for GPIO []
2022-11-05 11:15:37,539 [INFO] Gpio:254 - dependency for GPIO []
2022-11-05 11:16:57,361 [INFO] UtilMem:74 - End SaveConfig() Used Memory: 1029877880 Bytes (1073741824)
2022-11-05 11:16:58,911 [INFO] UtilMem:74 - End SaveConfig() Used Memory: 1049835560 Bytes (1073741824)
2022-11-05 11:17:01,089 [INFO] UtilMem:74 - End SaveConfig() Used Memory: 902115456 Bytes (1073741824)
2022-11-05 11:17:01,511 [INFO] BlockDiagram:2740 - set Specific Code input for plugin: NVIC
2022-11-05 11:17:01,511 [INFO] BlockDiagram:2740 - set Specific Code input for plugin: SYS
2022-11-05 11:17:01,511 [INFO] BlockDiagram:2740 - set Specific Code input for plugin: GPIO
2022-11-05 11:17:01,511 [INFO] BlockDiagram:2740 - set Specific Code input for plugin: RCC
2022-11-05 11:17:01,511 [INFO] BlockDiagram:2740 - set Specific Code input for plugin: TIM1_8F1
2022-11-05 11:17:01,511 [INFO] CodeGenerator:663 - code generatio: config db path: C:\ST\STM32CubeIDE_1.7.0\STM32CubeIDE\plugins\com.st.stm32cube.common.mx_6.3.0.202107141111\\db\
2022-11-05 11:17:01,823 [INFO] CodeEngine:239 - oldGeneratedFile, C:\Users\NGUYEN THANH QUI\Desktop\Midterm\midterm\MXTmpFiles\license.tmp_save
2022-11-05 11:17:01,870 [INFO] CodeEngine:257 - Generated code: C:\Users\NGUYEN THANH QUI\Desktop\Midterm\midterm\MXTmpFiles\license.tmp
2022-11-05 11:17:01,917 [INFO] CodeEngine:239 - oldGeneratedFile, C:\Users\NGUYEN THANH QUI\Desktop\Midterm\midterm\MXTmpFiles\gpio.tmp_save
2022-11-05 11:17:02,011 [INFO] CodeEngine:257 - Generated code: C:\Users\NGUYEN THANH QUI\Desktop\Midterm\midterm\MXTmpFiles\gpio.tmp
2022-11-05 11:17:02,276 [INFO] CodeEngine:239 - oldGeneratedFile, C:\Users\NGUYEN THANH QUI\Desktop\Midterm\midterm\Core\Src\stm32f1xx_it.c_save
2022-11-05 11:17:02,526 [INFO] CodeEngine:257 - Generated code: C:\Users\NGUYEN THANH QUI\Desktop\Midterm\midterm\Core\Src\stm32f1xx_it.c
2022-11-05 11:17:02,526 [INFO] CodeEngine:239 - oldGeneratedFile, C:\Users\NGUYEN THANH QUI\Desktop\Midterm\midterm\Core\Inc\stm32f1xx_it.h_save
2022-11-05 11:17:02,589 [INFO] CodeEngine:257 - Generated code: C:\Users\NGUYEN THANH QUI\Desktop\Midterm\midterm\Core\Inc\stm32f1xx_it.h
2022-11-05 11:17:02,620 [INFO] CodeEngine:239 - oldGeneratedFile, C:\Users\NGUYEN THANH QUI\Desktop\Midterm\midterm\Core\Src\stm32f1xx_hal_msp.c_save
2022-11-05 11:17:02,776 [INFO] CodeEngine:257 - Generated code: C:\Users\NGUYEN THANH QUI\Desktop\Midterm\midterm\Core\Src\stm32f1xx_hal_msp.c
2022-11-05 11:17:02,776 [INFO] CodeEngine:239 - oldGeneratedFile, C:\Users\NGUYEN THANH QUI\Desktop\Midterm\midterm\MXTmpFiles\system.tmp_save
2022-11-05 11:17:02,855 [INFO] CodeEngine:257 - Generated code: C:\Users\NGUYEN THANH QUI\Desktop\Midterm\midterm\MXTmpFiles\system.tmp
2022-11-05 11:17:02,870 [INFO] CodeEngine:239 - oldGeneratedFile, C:\Users\NGUYEN THANH QUI\Desktop\Midterm\midterm\Core\Inc\stm32f1xx_hal_conf.h_save
2022-11-05 11:17:02,980 [INFO] CodeEngine:257 - Generated code: C:\Users\NGUYEN THANH QUI\Desktop\Midterm\midterm\Core\Inc\stm32f1xx_hal_conf.h
2022-11-05 11:17:02,980 [WARN] IPConfigManager:3148 - IP not found : TIM
2022-11-05 11:17:02,995 [WARN] CodeGenerator:3268 - IP not found : null
2022-11-05 11:17:02,995 [INFO] CodeEngine:239 - oldGeneratedFile, C:\Users\NGUYEN THANH QUI\Desktop\Midterm\midterm\Core\Inc\main.h_save
2022-11-05 11:17:03,089 [INFO] CodeEngine:257 - Generated code: C:\Users\NGUYEN THANH QUI\Desktop\Midterm\midterm\Core\Inc\main.h
2022-11-05 11:17:03,089 [INFO] CodeEngine:239 - oldGeneratedFile, C:\Users\NGUYEN THANH QUI\Desktop\Midterm\midterm\Core\Src\main.c_save
2022-11-05 11:17:03,229 [INFO] CodeEngine:257 - Generated code: C:\Users\NGUYEN THANH QUI\Desktop\Midterm\midterm\Core\Src\main.c
2022-11-05 11:17:04,433 [INFO] ProjectBuilder:2578 - Time for Copy HAL[1] : 157mS.
2022-11-05 11:17:04,433 [INFO] ProjectBuilder:3622 - Project Generator version: 3.14.1
2022-11-05 11:17:05,011 [INFO] ConfigFileManager:1271 - The Die is : DIE412
2022-11-05 11:17:09,354 [INFO] ProjectBuilder:3789 - Time for Generating toolchain IDE Files: 4921mS.
2022-11-05 11:17:09,354 [INFO] ProjectBuilder:2457 - Time for Copy CMSIS : 0mS.
2022-11-05 11:17:09,370 [INFO] ProjectBuilder:2457 - Time for Copy CMSIS : 0mS.
2022-11-05 12:06:32,560 [INFO] Gpio:254 - dependency for GPIO []
2022-11-05 12:09:39,871 [INFO] UtilMem:74 - End SaveConfig() Used Memory: 675685608 Bytes (1073741824)
2022-11-05 12:09:42,604 [INFO] UtilMem:74 - End SaveConfig() Used Memory: 718677224 Bytes (1073741824)
2022-11-05 12:09:44,723 [INFO] UtilMem:74 - End SaveConfig() Used Memory: 793652456 Bytes (1073741824)
2022-11-05 12:09:45,248 [INFO] BlockDiagram:2740 - set Specific Code input for plugin: NVIC
2022-11-05 12:09:45,248 [INFO] BlockDiagram:2740 - set Specific Code input for plugin: SYS
2022-11-05 12:09:45,248 [INFO] BlockDiagram:2740 - set Specific Code input for plugin: GPIO
2022-11-05 12:09:45,248 [INFO] BlockDiagram:2740 - set Specific Code input for plugin: RCC
2022-11-05 12:09:45,248 [INFO] BlockDiagram:2740 - set Specific Code input for plugin: TIM1_8F1
2022-11-05 12:09:45,248 [INFO] CodeGenerator:663 - code generatio: config db path: C:\ST\STM32CubeIDE_1.7.0\STM32CubeIDE\plugins\com.st.stm32cube.common.mx_6.3.0.202107141111\\db\
2022-11-05 12:09:45,815 [INFO] CodeEngine:239 - oldGeneratedFile, C:\Users\NGUYEN THANH QUI\Desktop\Midterm\midterm\MXTmpFiles\license.tmp_save
2022-11-05 12:09:45,893 [INFO] CodeEngine:257 - Generated code: C:\Users\NGUYEN THANH QUI\Desktop\Midterm\midterm\MXTmpFiles\license.tmp
2022-11-05 12:09:45,956 [INFO] CodeEngine:239 - oldGeneratedFile, C:\Users\NGUYEN THANH QUI\Desktop\Midterm\midterm\MXTmpFiles\gpio.tmp_save
2022-11-05 12:09:46,050 [INFO] CodeEngine:257 - Generated code: C:\Users\NGUYEN THANH QUI\Desktop\Midterm\midterm\MXTmpFiles\gpio.tmp
2022-11-05 12:09:46,206 [INFO] CodeEngine:239 - oldGeneratedFile, C:\Users\NGUYEN THANH QUI\Desktop\Midterm\midterm\Core\Src\stm32f1xx_it.c_save
2022-11-05 12:09:46,472 [INFO] CodeEngine:257 - Generated code: C:\Users\NGUYEN THANH QUI\Desktop\Midterm\midterm\Core\Src\stm32f1xx_it.c
2022-11-05 12:09:46,472 [INFO] CodeEngine:239 - oldGeneratedFile, C:\Users\NGUYEN THANH QUI\Desktop\Midterm\midterm\Core\Inc\stm32f1xx_it.h_save
2022-11-05 12:09:46,566 [INFO] CodeEngine:257 - Generated code: C:\Users\NGUYEN THANH QUI\Desktop\Midterm\midterm\Core\Inc\stm32f1xx_it.h
2022-11-05 12:09:46,581 [INFO] CodeEngine:239 - oldGeneratedFile, C:\Users\NGUYEN THANH QUI\Desktop\Midterm\midterm\Core\Src\stm32f1xx_hal_msp.c_save
2022-11-05 12:09:46,769 [INFO] CodeEngine:257 - Generated code: C:\Users\NGUYEN THANH QUI\Desktop\Midterm\midterm\Core\Src\stm32f1xx_hal_msp.c
2022-11-05 12:09:46,769 [INFO] CodeEngine:239 - oldGeneratedFile, C:\Users\NGUYEN THANH QUI\Desktop\Midterm\midterm\MXTmpFiles\system.tmp_save
2022-11-05 12:09:46,847 [INFO] CodeEngine:257 - Generated code: C:\Users\NGUYEN THANH QUI\Desktop\Midterm\midterm\MXTmpFiles\system.tmp
2022-11-05 12:09:46,863 [INFO] CodeEngine:239 - oldGeneratedFile, C:\Users\NGUYEN THANH QUI\Desktop\Midterm\midterm\Core\Inc\stm32f1xx_hal_conf.h_save
2022-11-05 12:09:46,941 [INFO] CodeEngine:257 - Generated code: C:\Users\NGUYEN THANH QUI\Desktop\Midterm\midterm\Core\Inc\stm32f1xx_hal_conf.h
2022-11-05 12:09:46,972 [WARN] IPConfigManager:3148 - IP not found : TIM
2022-11-05 12:09:46,972 [WARN] CodeGenerator:3268 - IP not found : null
2022-11-05 12:09:46,972 [INFO] CodeEngine:239 - oldGeneratedFile, C:\Users\NGUYEN THANH QUI\Desktop\Midterm\midterm\Core\Inc\main.h_save
2022-11-05 12:09:47,108 [INFO] CodeEngine:257 - Generated code: C:\Users\NGUYEN THANH QUI\Desktop\Midterm\midterm\Core\Inc\main.h
2022-11-05 12:09:47,108 [INFO] CodeEngine:239 - oldGeneratedFile, C:\Users\NGUYEN THANH QUI\Desktop\Midterm\midterm\Core\Src\main.c_save
2022-11-05 12:09:47,233 [INFO] CodeEngine:257 - Generated code: C:\Users\NGUYEN THANH QUI\Desktop\Midterm\midterm\Core\Src\main.c
2022-11-05 12:09:48,358 [INFO] ProjectBuilder:2578 - Time for Copy HAL[1] : 188mS.
2022-11-05 12:09:48,358 [INFO] ProjectBuilder:3622 - Project Generator version: 3.14.1
2022-11-05 12:09:49,030 [INFO] ConfigFileManager:1271 - The Die is : DIE412
2022-11-05 12:09:52,779 [INFO] ProjectBuilder:3789 - Time for Generating toolchain IDE Files: 4421mS.
2022-11-05 12:09:52,779 [INFO] ProjectBuilder:2457 - Time for Copy CMSIS : 0mS.
2022-11-05 12:09:52,779 [INFO] ProjectBuilder:2457 - Time for Copy CMSIS : 0mS.
2022-11-05 18:59:27,952 [INFO] Activator:177 - 


2022-11-05 18:59:27,952 [INFO] Activator:178 - !SESSION log4j initialized
